2024-12-11 23:11:44,802 - __main__ - INFO - Бот запущен!
2024-12-11 23:11:45,168 - httpx - INFO - HTTP Request: POST https://api.telegram.org/bot%D0%92%D0%90%D0%A8_%D0%A2%D0%9E%D0%9A%D0%95%D0%9D_%D0%91%D0%9E%D0%A2%D0%90/getMe "HTTP/1.1 404 Not Found"
2024-12-11 23:12:12,750 - __main__ - INFO - Бот запущен!
2024-12-11 23:12:13,029 - httpx - INFO - HTTP Request: POST https://api.telegram.org/bot072664742:AAG257f9Dxsz4yG2VdOoPi8UFtCTZEYfJWg/getMe "HTTP/1.1 401 Unauthorized"
2024-12-11 23:12:36,930 - __main__ - INFO - Бот запущен!
2024-12-11 23:12:37,212 - httpx - INFO - HTTP Request: POST https://api.telegram.org/bot8072664742:AAG257f9Dxsz4yG2VdOoPi8UFtCTZEYfJWg/getMe "HTTP/1.1 200 OK"
2024-12-11 23:12:37,306 - httpx - INFO - HTTP Request: POST https://api.telegram.org/bot8072664742:AAG257f9Dxsz4yG2VdOoPi8UFtCTZEYfJWg/deleteWebhook "HTTP/1.1 200 OK"
2024-12-11 23:12:37,306 - telegram.ext.Application - INFO - Application started
2024-12-11 23:12:47,583 - httpx - INFO - HTTP Request: POST https://api.telegram.org/bot8072664742:AAG257f9Dxsz4yG2VdOoPi8UFtCTZEYfJWg/getUpdates "HTTP/1.1 200 OK"
2024-12-11 23:12:54,583 - httpx - INFO - HTTP Request: POST https://api.telegram.org/bot8072664742:AAG257f9Dxsz4yG2VdOoPi8UFtCTZEYfJWg/getUpdates "HTTP/1.1 200 OK"
2024-12-11 23:12:54,922 - httpx - INFO - HTTP Request: POST https://api.telegram.org/bot8072664742:AAG257f9Dxsz4yG2VdOoPi8UFtCTZEYfJWg/sendMessage "HTTP/1.1 200 OK"
2024-12-11 23:13:01,064 - httpx - INFO - HTTP Request: POST https://api.telegram.org/bot8072664742:AAG257f9Dxsz4yG2VdOoPi8UFtCTZEYfJWg/getUpdates "HTTP/1.1 200 OK"
2024-12-11 23:13:01,421 - httpx - INFO - HTTP Request: POST https://api.telegram.org/bot8072664742:AAG257f9Dxsz4yG2VdOoPi8UFtCTZEYfJWg/sendMessage "HTTP/1.1 200 OK"
2024-12-11 23:13:08,533 - httpx - INFO - HTTP Request: POST https://api.telegram.org/bot8072664742:AAG257f9Dxsz4yG2VdOoPi8UFtCTZEYfJWg/getUpdates "HTTP/1.1 200 OK"
2024-12-11 23:13:08,808 - httpx - INFO - HTTP Request: POST https://api.telegram.org/bot8072664742:AAG257f9Dxsz4yG2VdOoPi8UFtCTZEYfJWg/answerCallbackQuery "HTTP/1.1 200 OK"
2024-12-11 23:13:08,923 - httpx - INFO - HTTP Request: POST https://api.telegram.org/bot8072664742:AAG257f9Dxsz4yG2VdOoPi8UFtCTZEYfJWg/editMessageText "HTTP/1.1 200 OK"
2024-12-11 23:13:18,625 - httpx - INFO - HTTP Request: POST https://api.telegram.org/bot8072664742:AAG257f9Dxsz4yG2VdOoPi8UFtCTZEYfJWg/getUpdates "HTTP/1.1 200 OK"
2024-12-11 23:13:25,757 - httpx - INFO - HTTP Request: POST https://api.telegram.org/bot8072664742:AAG257f9Dxsz4yG2VdOoPi8UFtCTZEYfJWg/getUpdates "HTTP/1.1 200 OK"
2024-12-11 23:13:25,759 - __main__ - ERROR - Ошибка регистрации: not enough values to unpack (expected 4, got 2)
2024-12-11 23:13:26,083 - httpx - INFO - HTTP Request: POST https://api.telegram.org/bot8072664742:AAG257f9Dxsz4yG2VdOoPi8UFtCTZEYfJWg/sendMessage "HTTP/1.1 200 OK"
2024-12-11 23:13:38,001 - httpx - INFO - HTTP Request: POST https://api.telegram.org/bot8072664742:AAG257f9Dxsz4yG2VdOoPi8UFtCTZEYfJWg/getUpdates "HTTP/1.1 200 OK"
2024-12-11 23:13:40,782 - httpx - INFO - HTTP Request: POST https://api.telegram.org/bot8072664742:AAG257f9Dxsz4yG2VdOoPi8UFtCTZEYfJWg/sendMessage "HTTP/1.1 200 OK"
2024-12-11 23:13:44,811 - httpx - INFO - HTTP Request: POST https://api.telegram.org/bot8072664742:AAG257f9Dxsz4yG2VdOoPi8UFtCTZEYfJWg/getUpdates "HTTP/1.1 200 OK"
2024-12-11 23:13:44,946 - httpx - INFO - HTTP Request: POST https://api.telegram.org/bot8072664742:AAG257f9Dxsz4yG2VdOoPi8UFtCTZEYfJWg/answerCallbackQuery "HTTP/1.1 200 OK"
2024-12-11 23:13:45,155 - httpx - INFO - HTTP Request: POST https://api.telegram.org/bot8072664742:AAG257f9Dxsz4yG2VdOoPi8UFtCTZEYfJWg/editMessageText "HTTP/1.1 200 OK"
2024-12-11 23:13:51,093 - httpx - INFO - HTTP Request: POST https://api.telegram.org/bot8072664742:AAG257f9Dxsz4yG2VdOoPi8UFtCTZEYfJWg/getUpdates "HTTP/1.1 200 OK"
2024-12-11 23:13:51,440 - httpx - INFO - HTTP Request: POST https://api.telegram.org/bot8072664742:AAG257f9Dxsz4yG2VdOoPi8UFtCTZEYfJWg/sendMessage "HTTP/1.1 200 OK"
2024-12-11 23:13:53,014 - httpx - INFO - HTTP Request: POST https://api.telegram.org/bot8072664742:AAG257f9Dxsz4yG2VdOoPi8UFtCTZEYfJWg/getUpdates "HTTP/1.1 200 OK"
2024-12-11 23:13:53,106 - httpx - INFO - HTTP Request: POST https://api.telegram.org/bot8072664742:AAG257f9Dxsz4yG2VdOoPi8UFtCTZEYfJWg/answerCallbackQuery "HTTP/1.1 200 OK"
2024-12-11 23:13:53,204 - httpx - INFO - HTTP Request: POST https://api.telegram.org/bot8072664742:AAG257f9Dxsz4yG2VdOoPi8UFtCTZEYfJWg/editMessageText "HTTP/1.1 200 OK"
2024-12-11 23:14:01,840 - httpx - INFO - HTTP Request: POST https://api.telegram.org/bot8072664742:AAG257f9Dxsz4yG2VdOoPi8UFtCTZEYfJWg/getUpdates "HTTP/1.1 200 OK"
2024-12-11 23:14:01,841 - __main__ - ERROR - Ошибка входа: user_exists() takes 2 positional arguments but 3 were given
2024-12-11 23:14:02,132 - httpx - INFO - HTTP Request: POST https://api.telegram.org/bot8072664742:AAG257f9Dxsz4yG2VdOoPi8UFtCTZEYfJWg/sendMessage "HTTP/1.1 200 OK"
2024-12-11 23:14:11,918 - httpx - INFO - HTTP Request: POST https://api.telegram.org/bot8072664742:AAG257f9Dxsz4yG2VdOoPi8UFtCTZEYfJWg/getUpdates "HTTP/1.1 200 OK"
2024-12-11 23:14:22,028 - httpx - INFO - HTTP Request: POST https://api.telegram.org/bot8072664742:AAG257f9Dxsz4yG2VdOoPi8UFtCTZEYfJWg/getUpdates "HTTP/1.1 200 OK"
2024-12-11 23:14:32,110 - httpx - INFO - HTTP Request: POST https://api.telegram.org/bot8072664742:AAG257f9Dxsz4yG2VdOoPi8UFtCTZEYfJWg/getUpdates "HTTP/1.1 200 OK"
2024-12-11 23:14:42,200 - httpx - INFO - HTTP Request: POST https://api.telegram.org/bot8072664742:AAG257f9Dxsz4yG2VdOoPi8UFtCTZEYfJWg/getUpdates "HTTP/1.1 200 OK"
2024-12-11 23:14:52,278 - httpx - INFO - HTTP Request: POST https://api.telegram.org/bot8072664742:AAG257f9Dxsz4yG2VdOoPi8UFtCTZEYfJWg/getUpdates "HTTP/1.1 200 OK"
2024-12-11 23:14:54,576 - httpx - INFO - HTTP Request: POST https://api.telegram.org/bot8072664742:AAG257f9Dxsz4yG2VdOoPi8UFtCTZEYfJWg/getUpdates "HTTP/1.1 200 OK"
2024-12-11 23:14:55,034 - httpx - INFO - HTTP Request: POST https://api.telegram.org/bot8072664742:AAG257f9Dxsz4yG2VdOoPi8UFtCTZEYfJWg/sendMessage "HTTP/1.1 200 OK"
2024-12-11 23:15:04,656 - httpx - INFO - HTTP Request: POST https://api.telegram.org/bot8072664742:AAG257f9Dxsz4yG2VdOoPi8UFtCTZEYfJWg/getUpdates "HTTP/1.1 200 OK"
2024-12-11 23:15:14,744 - httpx - INFO - HTTP Request: POST https://api.telegram.org/bot8072664742:AAG257f9Dxsz4yG2VdOoPi8UFtCTZEYfJWg/getUpdates "HTTP/1.1 200 OK"
2024-12-11 23:15:24,838 - httpx - INFO - HTTP Request: POST https://api.telegram.org/bot8072664742:AAG257f9Dxsz4yG2VdOoPi8UFtCTZEYfJWg/getUpdates "HTTP/1.1 200 OK"
2024-12-11 23:15:34,911 - httpx - INFO - HTTP Request: POST https://api.telegram.org/bot8072664742:AAG257f9Dxsz4yG2VdOoPi8UFtCTZEYfJWg/getUpdates "HTTP/1.1 200 OK"
2024-12-11 23:15:44,991 - httpx - INFO - HTTP Request: POST https://api.telegram.org/bot8072664742:AAG257f9Dxsz4yG2VdOoPi8UFtCTZEYfJWg/getUpdates "HTTP/1.1 200 OK"
2024-12-11 23:15:55,103 - httpx - INFO - HTTP Request: POST https://api.telegram.org/bot8072664742:AAG257f9Dxsz4yG2VdOoPi8UFtCTZEYfJWg/getUpdates "HTTP/1.1 200 OK"
2024-12-11 23:16:05,182 - httpx - INFO - HTTP Request: POST https://api.telegram.org/bot8072664742:AAG257f9Dxsz4yG2VdOoPi8UFtCTZEYfJWg/getUpdates "HTTP/1.1 200 OK"
2024-12-11 23:16:15,266 - httpx - INFO - HTTP Request: POST https://api.telegram.org/bot8072664742:AAG257f9Dxsz4yG2VdOoPi8UFtCTZEYfJWg/getUpdates "HTTP/1.1 200 OK"
2024-12-11 23:16:25,338 - httpx - INFO - HTTP Request: POST https://api.telegram.org/bot8072664742:AAG257f9Dxsz4yG2VdOoPi8UFtCTZEYfJWg/getUpdates "HTTP/1.1 200 OK"
2024-12-11 23:16:35,452 - httpx - INFO - HTTP Request: POST https://api.telegram.org/bot8072664742:AAG257f9Dxsz4yG2VdOoPi8UFtCTZEYfJWg/getUpdates "HTTP/1.1 200 OK"
2024-12-11 23:16:45,540 - httpx - INFO - HTTP Request: POST https://api.telegram.org/bot8072664742:AAG257f9Dxsz4yG2VdOoPi8UFtCTZEYfJWg/getUpdates "HTTP/1.1 200 OK"
2024-12-11 23:16:55,624 - httpx - INFO - HTTP Request: POST https://api.telegram.org/bot8072664742:AAG257f9Dxsz4yG2VdOoPi8UFtCTZEYfJWg/getUpdates "HTTP/1.1 200 OK"
2024-12-11 23:17:05,706 - httpx - INFO - HTTP Request: POST https://api.telegram.org/bot8072664742:AAG257f9Dxsz4yG2VdOoPi8UFtCTZEYfJWg/getUpdates "HTTP/1.1 200 OK"
2024-12-11 23:17:15,783 - httpx - INFO - HTTP Request: POST https://api.telegram.org/bot8072664742:AAG257f9Dxsz4yG2VdOoPi8UFtCTZEYfJWg/getUpdates "HTTP/1.1 200 OK"
2024-12-11 23:17:25,864 - httpx - INFO - HTTP Request: POST https://api.telegram.org/bot8072664742:AAG257f9Dxsz4yG2VdOoPi8UFtCTZEYfJWg/getUpdates "HTTP/1.1 200 OK"
2024-12-11 23:17:36,224 - httpx - INFO - HTTP Request: POST https://api.telegram.org/bot8072664742:AAG257f9Dxsz4yG2VdOoPi8UFtCTZEYfJWg/getUpdates "HTTP/1.1 200 OK"
2024-12-11 23:17:46,315 - httpx - INFO - HTTP Request: POST https://api.telegram.org/bot8072664742:AAG257f9Dxsz4yG2VdOoPi8UFtCTZEYfJWg/getUpdates "HTTP/1.1 200 OK"
2024-12-11 23:17:56,408 - httpx - INFO - HTTP Request: POST https://api.telegram.org/bot8072664742:AAG257f9Dxsz4yG2VdOoPi8UFtCTZEYfJWg/getUpdates "HTTP/1.1 200 OK"
2024-12-11 23:18:06,492 - httpx - INFO - HTTP Request: POST https://api.telegram.org/bot8072664742:AAG257f9Dxsz4yG2VdOoPi8UFtCTZEYfJWg/getUpdates "HTTP/1.1 200 OK"
2024-12-11 23:18:16,603 - httpx - INFO - HTTP Request: POST https://api.telegram.org/bot8072664742:AAG257f9Dxsz4yG2VdOoPi8UFtCTZEYfJWg/getUpdates "HTTP/1.1 200 OK"
2024-12-11 23:18:26,682 - httpx - INFO - HTTP Request: POST https://api.telegram.org/bot8072664742:AAG257f9Dxsz4yG2VdOoPi8UFtCTZEYfJWg/getUpdates "HTTP/1.1 200 OK"
2024-12-11 23:18:36,773 - httpx - INFO - HTTP Request: POST https://api.telegram.org/bot8072664742:AAG257f9Dxsz4yG2VdOoPi8UFtCTZEYfJWg/getUpdates "HTTP/1.1 200 OK"
2024-12-11 23:18:46,858 - httpx - INFO - HTTP Request: POST https://api.telegram.org/bot8072664742:AAG257f9Dxsz4yG2VdOoPi8UFtCTZEYfJWg/getUpdates "HTTP/1.1 200 OK"
2024-12-11 23:18:56,955 - httpx - INFO - HTTP Request: POST https://api.telegram.org/bot8072664742:AAG257f9Dxsz4yG2VdOoPi8UFtCTZEYfJWg/getUpdates "HTTP/1.1 200 OK"
2024-12-11 23:19:07,064 - httpx - INFO - HTTP Request: POST https://api.telegram.org/bot8072664742:AAG257f9Dxsz4yG2VdOoPi8UFtCTZEYfJWg/getUpdates "HTTP/1.1 200 OK"
2024-12-11 23:19:17,138 - httpx - INFO - HTTP Request: POST https://api.telegram.org/bot8072664742:AAG257f9Dxsz4yG2VdOoPi8UFtCTZEYfJWg/getUpdates "HTTP/1.1 200 OK"
2024-12-11 23:19:27,533 - httpx - INFO - HTTP Request: POST https://api.telegram.org/bot8072664742:AAG257f9Dxsz4yG2VdOoPi8UFtCTZEYfJWg/getUpdates "HTTP/1.1 200 OK"
2024-12-11 23:19:37,609 - httpx - INFO - HTTP Request: POST https://api.telegram.org/bot8072664742:AAG257f9Dxsz4yG2VdOoPi8UFtCTZEYfJWg/getUpdates "HTTP/1.1 200 OK"
2024-12-11 23:19:47,687 - httpx - INFO - HTTP Request: POST https://api.telegram.org/bot8072664742:AAG257f9Dxsz4yG2VdOoPi8UFtCTZEYfJWg/getUpdates "HTTP/1.1 200 OK"
2024-12-11 23:19:57,766 - httpx - INFO - HTTP Request: POST https://api.telegram.org/bot8072664742:AAG257f9Dxsz4yG2VdOoPi8UFtCTZEYfJWg/getUpdates "HTTP/1.1 200 OK"
2024-12-11 23:20:00,859 - telegram.ext.Application - INFO - Application is stopping. This might take a moment.
2024-12-11 23:20:00,859 - telegram.ext.Application - INFO - Application.stop() complete
2024-12-11 23:20:06,828 - __main__ - INFO - Бот запущен!
2024-12-11 23:20:10,173 - httpx - INFO - HTTP Request: POST https://api.telegram.org/bot8072664742:AAG257f9Dxsz4yG2VdOoPi8UFtCTZEYfJWg/getMe "HTTP/1.1 200 OK"
2024-12-11 23:20:10,868 - httpx - INFO - HTTP Request: POST https://api.telegram.org/bot8072664742:AAG257f9Dxsz4yG2VdOoPi8UFtCTZEYfJWg/deleteWebhook "HTTP/1.1 200 OK"
2024-12-11 23:20:10,868 - telegram.ext.Application - INFO - Application started
2024-12-11 23:20:21,478 - httpx - INFO - HTTP Request: POST https://api.telegram.org/bot8072664742:AAG257f9Dxsz4yG2VdOoPi8UFtCTZEYfJWg/getUpdates "HTTP/1.1 200 OK"
2024-12-11 23:20:21,771 - httpx - INFO - HTTP Request: POST https://api.telegram.org/bot8072664742:AAG257f9Dxsz4yG2VdOoPi8UFtCTZEYfJWg/sendMessage "HTTP/1.1 200 OK"
2024-12-11 23:20:25,958 - httpx - INFO - HTTP Request: POST https://api.telegram.org/bot8072664742:AAG257f9Dxsz4yG2VdOoPi8UFtCTZEYfJWg/getUpdates "HTTP/1.1 200 OK"
2024-12-11 23:20:26,057 - httpx - INFO - HTTP Request: POST https://api.telegram.org/bot8072664742:AAG257f9Dxsz4yG2VdOoPi8UFtCTZEYfJWg/answerCallbackQuery "HTTP/1.1 200 OK"
2024-12-11 23:20:26,189 - httpx - INFO - HTTP Request: POST https://api.telegram.org/bot8072664742:AAG257f9Dxsz4yG2VdOoPi8UFtCTZEYfJWg/editMessageText "HTTP/1.1 200 OK"
2024-12-11 23:20:36,048 - httpx - INFO - HTTP Request: POST https://api.telegram.org/bot8072664742:AAG257f9Dxsz4yG2VdOoPi8UFtCTZEYfJWg/getUpdates "HTTP/1.1 200 OK"
2024-12-11 23:20:39,739 - httpx - INFO - HTTP Request: POST https://api.telegram.org/bot8072664742:AAG257f9Dxsz4yG2VdOoPi8UFtCTZEYfJWg/getUpdates "HTTP/1.1 200 OK"
2024-12-11 23:20:39,742 - __main__ - ERROR - Ошибка входа: not enough values to unpack (expected 2, got 1)
2024-12-11 23:20:40,051 - httpx - INFO - HTTP Request: POST https://api.telegram.org/bot8072664742:AAG257f9Dxsz4yG2VdOoPi8UFtCTZEYfJWg/sendMessage "HTTP/1.1 200 OK"
2024-12-11 23:20:49,836 - httpx - INFO - HTTP Request: POST https://api.telegram.org/bot8072664742:AAG257f9Dxsz4yG2VdOoPi8UFtCTZEYfJWg/getUpdates "HTTP/1.1 200 OK"
2024-12-11 23:20:52,445 - httpx - INFO - HTTP Request: POST https://api.telegram.org/bot8072664742:AAG257f9Dxsz4yG2VdOoPi8UFtCTZEYfJWg/getUpdates "HTTP/1.1 200 OK"
2024-12-11 23:20:52,732 - httpx - INFO - HTTP Request: POST https://api.telegram.org/bot8072664742:AAG257f9Dxsz4yG2VdOoPi8UFtCTZEYfJWg/sendMessage "HTTP/1.1 200 OK"
2024-12-11 23:21:02,535 - httpx - INFO - HTTP Request: POST https://api.telegram.org/bot8072664742:AAG257f9Dxsz4yG2VdOoPi8UFtCTZEYfJWg/getUpdates "HTTP/1.1 200 OK"
2024-12-11 23:21:12,630 - httpx - INFO - HTTP Request: POST https://api.telegram.org/bot8072664742:AAG257f9Dxsz4yG2VdOoPi8UFtCTZEYfJWg/getUpdates "HTTP/1.1 200 OK"
2024-12-11 23:21:22,723 - httpx - INFO - HTTP Request: POST https://api.telegram.org/bot8072664742:AAG257f9Dxsz4yG2VdOoPi8UFtCTZEYfJWg/getUpdates "HTTP/1.1 200 OK"
2024-12-11 23:21:32,818 - httpx - INFO - HTTP Request: POST https://api.telegram.org/bot8072664742:AAG257f9Dxsz4yG2VdOoPi8UFtCTZEYfJWg/getUpdates "HTTP/1.1 200 OK"
2024-12-11 23:21:42,908 - httpx - INFO - HTTP Request: POST https://api.telegram.org/bot8072664742:AAG257f9Dxsz4yG2VdOoPi8UFtCTZEYfJWg/getUpdates "HTTP/1.1 200 OK"
2024-12-11 23:21:45,702 - telegram.ext.Application - INFO - Application is stopping. This might take a moment.
2024-12-11 23:21:45,702 - telegram.ext.Application - INFO - Application.stop() complete
2024-12-11 23:21:49,599 - __main__ - INFO - Бот запущен!
2024-12-11 23:21:49,842 - httpx - INFO - HTTP Request: POST https://api.telegram.org/bot8072664742:AAG257f9Dxsz4yG2VdOoPi8UFtCTZEYfJWg/getMe "HTTP/1.1 200 OK"
2024-12-11 23:21:49,926 - httpx - INFO - HTTP Request: POST https://api.telegram.org/bot8072664742:AAG257f9Dxsz4yG2VdOoPi8UFtCTZEYfJWg/deleteWebhook "HTTP/1.1 200 OK"
2024-12-11 23:21:49,926 - telegram.ext.Application - INFO - Application started
2024-12-11 23:21:59,593 - httpx - INFO - HTTP Request: POST https://api.telegram.org/bot8072664742:AAG257f9Dxsz4yG2VdOoPi8UFtCTZEYfJWg/getUpdates "HTTP/1.1 200 OK"
2024-12-11 23:21:59,913 - httpx - INFO - HTTP Request: POST https://api.telegram.org/bot8072664742:AAG257f9Dxsz4yG2VdOoPi8UFtCTZEYfJWg/sendMessage "HTTP/1.1 200 OK"
2024-12-11 23:22:01,075 - httpx - INFO - HTTP Request: POST https://api.telegram.org/bot8072664742:AAG257f9Dxsz4yG2VdOoPi8UFtCTZEYfJWg/getUpdates "HTTP/1.1 200 OK"
2024-12-11 23:22:01,185 - httpx - INFO - HTTP Request: POST https://api.telegram.org/bot8072664742:AAG257f9Dxsz4yG2VdOoPi8UFtCTZEYfJWg/answerCallbackQuery "HTTP/1.1 200 OK"
2024-12-11 23:22:01,280 - httpx - INFO - HTTP Request: POST https://api.telegram.org/bot8072664742:AAG257f9Dxsz4yG2VdOoPi8UFtCTZEYfJWg/editMessageText "HTTP/1.1 200 OK"
2024-12-11 23:22:05,589 - httpx - INFO - HTTP Request: POST https://api.telegram.org/bot8072664742:AAG257f9Dxsz4yG2VdOoPi8UFtCTZEYfJWg/getUpdates "HTTP/1.1 200 OK"
2024-12-11 23:22:05,597 - __main__ - ERROR - Ошибка входа: Entity namespace for "users" has no property "namea"
2024-12-11 23:22:05,760 - httpx - INFO - HTTP Request: POST https://api.telegram.org/bot8072664742:AAG257f9Dxsz4yG2VdOoPi8UFtCTZEYfJWg/sendMessage "HTTP/1.1 200 OK"
2024-12-11 23:22:15,679 - httpx - INFO - HTTP Request: POST https://api.telegram.org/bot8072664742:AAG257f9Dxsz4yG2VdOoPi8UFtCTZEYfJWg/getUpdates "HTTP/1.1 200 OK"
2024-12-11 23:22:25,785 - httpx - INFO - HTTP Request: POST https://api.telegram.org/bot8072664742:AAG257f9Dxsz4yG2VdOoPi8UFtCTZEYfJWg/getUpdates "HTTP/1.1 200 OK"
2024-12-11 23:22:35,873 - httpx - INFO - HTTP Request: POST https://api.telegram.org/bot8072664742:AAG257f9Dxsz4yG2VdOoPi8UFtCTZEYfJWg/getUpdates "HTTP/1.1 200 OK"
2024-12-11 23:22:37,394 - telegram.ext.Application - INFO - Application is stopping. This might take a moment.
2024-12-11 23:22:37,394 - telegram.ext.Application - INFO - Application.stop() complete
2024-12-11 23:22:40,860 - __main__ - INFO - Бот запущен!
2024-12-11 23:22:41,150 - httpx - INFO - HTTP Request: POST https://api.telegram.org/bot8072664742:AAG257f9Dxsz4yG2VdOoPi8UFtCTZEYfJWg/getMe "HTTP/1.1 200 OK"
2024-12-11 23:22:41,233 - httpx - INFO - HTTP Request: POST https://api.telegram.org/bot8072664742:AAG257f9Dxsz4yG2VdOoPi8UFtCTZEYfJWg/deleteWebhook "HTTP/1.1 200 OK"
2024-12-11 23:22:41,246 - telegram.ext.Application - INFO - Application started
2024-12-11 23:22:44,266 - httpx - INFO - HTTP Request: POST https://api.telegram.org/bot8072664742:AAG257f9Dxsz4yG2VdOoPi8UFtCTZEYfJWg/getUpdates "HTTP/1.1 200 OK"
2024-12-11 23:22:44,409 - httpx - INFO - HTTP Request: POST https://api.telegram.org/bot8072664742:AAG257f9Dxsz4yG2VdOoPi8UFtCTZEYfJWg/sendMessage "HTTP/1.1 200 OK"
2024-12-11 23:22:46,128 - httpx - INFO - HTTP Request: POST https://api.telegram.org/bot8072664742:AAG257f9Dxsz4yG2VdOoPi8UFtCTZEYfJWg/getUpdates "HTTP/1.1 200 OK"
2024-12-11 23:22:46,223 - httpx - INFO - HTTP Request: POST https://api.telegram.org/bot8072664742:AAG257f9Dxsz4yG2VdOoPi8UFtCTZEYfJWg/answerCallbackQuery "HTTP/1.1 200 OK"
2024-12-11 23:22:46,350 - httpx - INFO - HTTP Request: POST https://api.telegram.org/bot8072664742:AAG257f9Dxsz4yG2VdOoPi8UFtCTZEYfJWg/editMessageText "HTTP/1.1 200 OK"
2024-12-11 23:22:49,769 - httpx - INFO - HTTP Request: POST https://api.telegram.org/bot8072664742:AAG257f9Dxsz4yG2VdOoPi8UFtCTZEYfJWg/getUpdates "HTTP/1.1 200 OK"
2024-12-11 23:22:49,912 - httpx - INFO - HTTP Request: POST https://api.telegram.org/bot8072664742:AAG257f9Dxsz4yG2VdOoPi8UFtCTZEYfJWg/sendMessage "HTTP/1.1 200 OK"
2024-12-11 23:22:50,068 - httpx - INFO - HTTP Request: POST https://api.telegram.org/bot8072664742:AAG257f9Dxsz4yG2VdOoPi8UFtCTZEYfJWg/sendMessage "HTTP/1.1 200 OK"
2024-12-11 23:22:56,822 - httpx - INFO - HTTP Request: POST https://api.telegram.org/bot8072664742:AAG257f9Dxsz4yG2VdOoPi8UFtCTZEYfJWg/getUpdates "HTTP/1.1 200 OK"
2024-12-11 23:22:57,118 - httpx - INFO - HTTP Request: POST https://api.telegram.org/bot8072664742:AAG257f9Dxsz4yG2VdOoPi8UFtCTZEYfJWg/answerCallbackQuery "HTTP/1.1 200 OK"
2024-12-11 23:22:57,244 - httpx - INFO - HTTP Request: POST https://api.telegram.org/bot8072664742:AAG257f9Dxsz4yG2VdOoPi8UFtCTZEYfJWg/editMessageText "HTTP/1.1 200 OK"
2024-12-11 23:23:06,900 - httpx - INFO - HTTP Request: POST https://api.telegram.org/bot8072664742:AAG257f9Dxsz4yG2VdOoPi8UFtCTZEYfJWg/getUpdates "HTTP/1.1 200 OK"
2024-12-11 23:23:17,008 - httpx - INFO - HTTP Request: POST https://api.telegram.org/bot8072664742:AAG257f9Dxsz4yG2VdOoPi8UFtCTZEYfJWg/getUpdates "HTTP/1.1 200 OK"
2024-12-11 23:23:27,091 - httpx - INFO - HTTP Request: POST https://api.telegram.org/bot8072664742:AAG257f9Dxsz4yG2VdOoPi8UFtCTZEYfJWg/getUpdates "HTTP/1.1 200 OK"
2024-12-11 23:23:37,180 - httpx - INFO - HTTP Request: POST https://api.telegram.org/bot8072664742:AAG257f9Dxsz4yG2VdOoPi8UFtCTZEYfJWg/getUpdates "HTTP/1.1 200 OK"
2024-12-11 23:23:47,271 - httpx - INFO - HTTP Request: POST https://api.telegram.org/bot8072664742:AAG257f9Dxsz4yG2VdOoPi8UFtCTZEYfJWg/getUpdates "HTTP/1.1 200 OK"
2024-12-11 23:23:57,354 - httpx - INFO - HTTP Request: POST https://api.telegram.org/bot8072664742:AAG257f9Dxsz4yG2VdOoPi8UFtCTZEYfJWg/getUpdates "HTTP/1.1 200 OK"
2024-12-11 23:24:07,438 - httpx - INFO - HTTP Request: POST https://api.telegram.org/bot8072664742:AAG257f9Dxsz4yG2VdOoPi8UFtCTZEYfJWg/getUpdates "HTTP/1.1 200 OK"
2024-12-11 23:24:17,526 - httpx - INFO - HTTP Request: POST https://api.telegram.org/bot8072664742:AAG257f9Dxsz4yG2VdOoPi8UFtCTZEYfJWg/getUpdates "HTTP/1.1 200 OK"
2024-12-11 23:24:27,625 - httpx - INFO - HTTP Request: POST https://api.telegram.org/bot8072664742:AAG257f9Dxsz4yG2VdOoPi8UFtCTZEYfJWg/getUpdates "HTTP/1.1 200 OK"
2024-12-11 23:24:37,719 - httpx - INFO - HTTP Request: POST https://api.telegram.org/bot8072664742:AAG257f9Dxsz4yG2VdOoPi8UFtCTZEYfJWg/getUpdates "HTTP/1.1 200 OK"
2024-12-11 23:24:47,811 - httpx - INFO - HTTP Request: POST https://api.telegram.org/bot8072664742:AAG257f9Dxsz4yG2VdOoPi8UFtCTZEYfJWg/getUpdates "HTTP/1.1 200 OK"
2024-12-11 23:24:57,894 - httpx - INFO - HTTP Request: POST https://api.telegram.org/bot8072664742:AAG257f9Dxsz4yG2VdOoPi8UFtCTZEYfJWg/getUpdates "HTTP/1.1 200 OK"
2024-12-11 23:25:05,092 - telegram.ext.Application - INFO - Application is stopping. This might take a moment.
2024-12-11 23:25:05,092 - telegram.ext.Application - INFO - Application.stop() complete
2024-12-12 09:11:03,228 - __main__ - INFO - Бот запущен!
2024-12-12 09:11:03,588 - httpx - INFO - HTTP Request: POST https://api.telegram.org/bot8072664742:AAG257f9Dxsz4yG2VdOoPi8UFtCTZEYfJWg/getMe "HTTP/1.1 200 OK"
2024-12-12 09:11:03,682 - httpx - INFO - HTTP Request: POST https://api.telegram.org/bot8072664742:AAG257f9Dxsz4yG2VdOoPi8UFtCTZEYfJWg/deleteWebhook "HTTP/1.1 200 OK"
2024-12-12 09:11:03,682 - telegram.ext.Application - INFO - Application started
2024-12-12 09:11:13,981 - httpx - INFO - HTTP Request: POST https://api.telegram.org/bot8072664742:AAG257f9Dxsz4yG2VdOoPi8UFtCTZEYfJWg/getUpdates "HTTP/1.1 200 OK"
2024-12-12 09:11:24,079 - httpx - INFO - HTTP Request: POST https://api.telegram.org/bot8072664742:AAG257f9Dxsz4yG2VdOoPi8UFtCTZEYfJWg/getUpdates "HTTP/1.1 200 OK"
2024-12-12 09:11:34,170 - httpx - INFO - HTTP Request: POST https://api.telegram.org/bot8072664742:AAG257f9Dxsz4yG2VdOoPi8UFtCTZEYfJWg/getUpdates "HTTP/1.1 200 OK"
2024-12-12 09:11:44,277 - httpx - INFO - HTTP Request: POST https://api.telegram.org/bot8072664742:AAG257f9Dxsz4yG2VdOoPi8UFtCTZEYfJWg/getUpdates "HTTP/1.1 200 OK"
2024-12-12 09:11:53,278 - httpx - INFO - HTTP Request: POST https://api.telegram.org/bot8072664742:AAG257f9Dxsz4yG2VdOoPi8UFtCTZEYfJWg/getUpdates "HTTP/1.1 200 OK"
2024-12-12 09:11:53,694 - httpx - INFO - HTTP Request: POST https://api.telegram.org/bot8072664742:AAG257f9Dxsz4yG2VdOoPi8UFtCTZEYfJWg/sendMessage "HTTP/1.1 200 OK"
2024-12-12 09:12:03,369 - httpx - INFO - HTTP Request: POST https://api.telegram.org/bot8072664742:AAG257f9Dxsz4yG2VdOoPi8UFtCTZEYfJWg/getUpdates "HTTP/1.1 200 OK"
2024-12-12 09:12:13,467 - httpx - INFO - HTTP Request: POST https://api.telegram.org/bot8072664742:AAG257f9Dxsz4yG2VdOoPi8UFtCTZEYfJWg/getUpdates "HTTP/1.1 200 OK"
2024-12-12 09:12:16,920 - httpx - INFO - HTTP Request: POST https://api.telegram.org/bot8072664742:AAG257f9Dxsz4yG2VdOoPi8UFtCTZEYfJWg/getUpdates "HTTP/1.1 200 OK"
2024-12-12 09:12:17,243 - httpx - INFO - HTTP Request: POST https://api.telegram.org/bot8072664742:AAG257f9Dxsz4yG2VdOoPi8UFtCTZEYfJWg/answerCallbackQuery "HTTP/1.1 200 OK"
2024-12-12 09:12:17,368 - httpx - INFO - HTTP Request: POST https://api.telegram.org/bot8072664742:AAG257f9Dxsz4yG2VdOoPi8UFtCTZEYfJWg/editMessageText "HTTP/1.1 200 OK"
2024-12-12 09:12:27,032 - httpx - INFO - HTTP Request: POST https://api.telegram.org/bot8072664742:AAG257f9Dxsz4yG2VdOoPi8UFtCTZEYfJWg/getUpdates "HTTP/1.1 200 OK"
2024-12-12 09:12:34,516 - httpx - INFO - HTTP Request: POST https://api.telegram.org/bot8072664742:AAG257f9Dxsz4yG2VdOoPi8UFtCTZEYfJWg/getUpdates "HTTP/1.1 200 OK"
2024-12-12 09:12:34,809 - httpx - INFO - HTTP Request: POST https://api.telegram.org/bot8072664742:AAG257f9Dxsz4yG2VdOoPi8UFtCTZEYfJWg/sendMessage "HTTP/1.1 200 OK"
2024-12-12 09:12:34,971 - httpx - INFO - HTTP Request: POST https://api.telegram.org/bot8072664742:AAG257f9Dxsz4yG2VdOoPi8UFtCTZEYfJWg/sendMessage "HTTP/1.1 200 OK"
2024-12-12 09:12:44,610 - httpx - INFO - HTTP Request: POST https://api.telegram.org/bot8072664742:AAG257f9Dxsz4yG2VdOoPi8UFtCTZEYfJWg/getUpdates "HTTP/1.1 200 OK"
2024-12-12 09:12:54,715 - httpx - INFO - HTTP Request: POST https://api.telegram.org/bot8072664742:AAG257f9Dxsz4yG2VdOoPi8UFtCTZEYfJWg/getUpdates "HTTP/1.1 200 OK"
2024-12-12 09:13:04,808 - httpx - INFO - HTTP Request: POST https://api.telegram.org/bot8072664742:AAG257f9Dxsz4yG2VdOoPi8UFtCTZEYfJWg/getUpdates "HTTP/1.1 200 OK"
2024-12-12 09:13:14,899 - httpx - INFO - HTTP Request: POST https://api.telegram.org/bot8072664742:AAG257f9Dxsz4yG2VdOoPi8UFtCTZEYfJWg/getUpdates "HTTP/1.1 200 OK"
2024-12-12 09:13:25,008 - httpx - INFO - HTTP Request: POST https://api.telegram.org/bot8072664742:AAG257f9Dxsz4yG2VdOoPi8UFtCTZEYfJWg/getUpdates "HTTP/1.1 200 OK"
2024-12-12 09:13:35,117 - httpx - INFO - HTTP Request: POST https://api.telegram.org/bot8072664742:AAG257f9Dxsz4yG2VdOoPi8UFtCTZEYfJWg/getUpdates "HTTP/1.1 200 OK"
2024-12-12 09:13:45,203 - httpx - INFO - HTTP Request: POST https://api.telegram.org/bot8072664742:AAG257f9Dxsz4yG2VdOoPi8UFtCTZEYfJWg/getUpdates "HTTP/1.1 200 OK"
2024-12-12 09:13:55,310 - httpx - INFO - HTTP Request: POST https://api.telegram.org/bot8072664742:AAG257f9Dxsz4yG2VdOoPi8UFtCTZEYfJWg/getUpdates "HTTP/1.1 200 OK"
2024-12-12 09:14:05,411 - httpx - INFO - HTTP Request: POST https://api.telegram.org/bot8072664742:AAG257f9Dxsz4yG2VdOoPi8UFtCTZEYfJWg/getUpdates "HTTP/1.1 200 OK"
2024-12-12 09:14:15,512 - httpx - INFO - HTTP Request: POST https://api.telegram.org/bot8072664742:AAG257f9Dxsz4yG2VdOoPi8UFtCTZEYfJWg/getUpdates "HTTP/1.1 200 OK"
2024-12-12 09:14:25,608 - httpx - INFO - HTTP Request: POST https://api.telegram.org/bot8072664742:AAG257f9Dxsz4yG2VdOoPi8UFtCTZEYfJWg/getUpdates "HTTP/1.1 200 OK"
2024-12-12 09:14:35,704 - httpx - INFO - HTTP Request: POST https://api.telegram.org/bot8072664742:AAG257f9Dxsz4yG2VdOoPi8UFtCTZEYfJWg/getUpdates "HTTP/1.1 200 OK"
2024-12-12 09:14:45,799 - httpx - INFO - HTTP Request: POST https://api.telegram.org/bot8072664742:AAG257f9Dxsz4yG2VdOoPi8UFtCTZEYfJWg/getUpdates "HTTP/1.1 200 OK"
2024-12-12 09:14:55,885 - httpx - INFO - HTTP Request: POST https://api.telegram.org/bot8072664742:AAG257f9Dxsz4yG2VdOoPi8UFtCTZEYfJWg/getUpdates "HTTP/1.1 200 OK"
2024-12-12 09:15:06,005 - httpx - INFO - HTTP Request: POST https://api.telegram.org/bot8072664742:AAG257f9Dxsz4yG2VdOoPi8UFtCTZEYfJWg/getUpdates "HTTP/1.1 200 OK"
2024-12-12 09:15:16,097 - httpx - INFO - HTTP Request: POST https://api.telegram.org/bot8072664742:AAG257f9Dxsz4yG2VdOoPi8UFtCTZEYfJWg/getUpdates "HTTP/1.1 200 OK"
2024-12-12 09:15:26,197 - httpx - INFO - HTTP Request: POST https://api.telegram.org/bot8072664742:AAG257f9Dxsz4yG2VdOoPi8UFtCTZEYfJWg/getUpdates "HTTP/1.1 200 OK"
2024-12-12 09:15:36,303 - httpx - INFO - HTTP Request: POST https://api.telegram.org/bot8072664742:AAG257f9Dxsz4yG2VdOoPi8UFtCTZEYfJWg/getUpdates "HTTP/1.1 200 OK"
2024-12-12 09:15:46,392 - httpx - INFO - HTTP Request: POST https://api.telegram.org/bot8072664742:AAG257f9Dxsz4yG2VdOoPi8UFtCTZEYfJWg/getUpdates "HTTP/1.1 200 OK"
2024-12-12 09:15:56,493 - httpx - INFO - HTTP Request: POST https://api.telegram.org/bot8072664742:AAG257f9Dxsz4yG2VdOoPi8UFtCTZEYfJWg/getUpdates "HTTP/1.1 200 OK"
2024-12-12 09:16:06,586 - httpx - INFO - HTTP Request: POST https://api.telegram.org/bot8072664742:AAG257f9Dxsz4yG2VdOoPi8UFtCTZEYfJWg/getUpdates "HTTP/1.1 200 OK"
2024-12-12 09:16:16,673 - httpx - INFO - HTTP Request: POST https://api.telegram.org/bot8072664742:AAG257f9Dxsz4yG2VdOoPi8UFtCTZEYfJWg/getUpdates "HTTP/1.1 200 OK"
2024-12-12 09:16:26,787 - httpx - INFO - HTTP Request: POST https://api.telegram.org/bot8072664742:AAG257f9Dxsz4yG2VdOoPi8UFtCTZEYfJWg/getUpdates "HTTP/1.1 200 OK"
2024-12-12 09:16:36,883 - httpx - INFO - HTTP Request: POST https://api.telegram.org/bot8072664742:AAG257f9Dxsz4yG2VdOoPi8UFtCTZEYfJWg/getUpdates "HTTP/1.1 200 OK"
2024-12-12 09:16:46,984 - httpx - INFO - HTTP Request: POST https://api.telegram.org/bot8072664742:AAG257f9Dxsz4yG2VdOoPi8UFtCTZEYfJWg/getUpdates "HTTP/1.1 200 OK"
2024-12-12 09:16:57,090 - httpx - INFO - HTTP Request: POST https://api.telegram.org/bot8072664742:AAG257f9Dxsz4yG2VdOoPi8UFtCTZEYfJWg/getUpdates "HTTP/1.1 200 OK"
2024-12-12 09:17:07,183 - httpx - INFO - HTTP Request: POST https://api.telegram.org/bot8072664742:AAG257f9Dxsz4yG2VdOoPi8UFtCTZEYfJWg/getUpdates "HTTP/1.1 200 OK"
2024-12-12 09:17:17,271 - httpx - INFO - HTTP Request: POST https://api.telegram.org/bot8072664742:AAG257f9Dxsz4yG2VdOoPi8UFtCTZEYfJWg/getUpdates "HTTP/1.1 200 OK"
2024-12-12 09:17:27,369 - httpx - INFO - HTTP Request: POST https://api.telegram.org/bot8072664742:AAG257f9Dxsz4yG2VdOoPi8UFtCTZEYfJWg/getUpdates "HTTP/1.1 200 OK"
2024-12-12 09:17:37,497 - httpx - INFO - HTTP Request: POST https://api.telegram.org/bot8072664742:AAG257f9Dxsz4yG2VdOoPi8UFtCTZEYfJWg/getUpdates "HTTP/1.1 200 OK"
2024-12-12 09:17:47,580 - httpx - INFO - HTTP Request: POST https://api.telegram.org/bot8072664742:AAG257f9Dxsz4yG2VdOoPi8UFtCTZEYfJWg/getUpdates "HTTP/1.1 200 OK"
2024-12-12 09:17:57,692 - httpx - INFO - HTTP Request: POST https://api.telegram.org/bot8072664742:AAG257f9Dxsz4yG2VdOoPi8UFtCTZEYfJWg/getUpdates "HTTP/1.1 200 OK"
2024-12-12 09:18:07,794 - httpx - INFO - HTTP Request: POST https://api.telegram.org/bot8072664742:AAG257f9Dxsz4yG2VdOoPi8UFtCTZEYfJWg/getUpdates "HTTP/1.1 200 OK"
2024-12-12 09:18:17,893 - httpx - INFO - HTTP Request: POST https://api.telegram.org/bot8072664742:AAG257f9Dxsz4yG2VdOoPi8UFtCTZEYfJWg/getUpdates "HTTP/1.1 200 OK"
2024-12-12 09:18:27,991 - httpx - INFO - HTTP Request: POST https://api.telegram.org/bot8072664742:AAG257f9Dxsz4yG2VdOoPi8UFtCTZEYfJWg/getUpdates "HTTP/1.1 200 OK"
2024-12-12 09:18:38,094 - httpx - INFO - HTTP Request: POST https://api.telegram.org/bot8072664742:AAG257f9Dxsz4yG2VdOoPi8UFtCTZEYfJWg/getUpdates "HTTP/1.1 200 OK"
2024-12-12 09:18:48,217 - httpx - INFO - HTTP Request: POST https://api.telegram.org/bot8072664742:AAG257f9Dxsz4yG2VdOoPi8UFtCTZEYfJWg/getUpdates "HTTP/1.1 200 OK"
2024-12-12 09:18:58,314 - httpx - INFO - HTTP Request: POST https://api.telegram.org/bot8072664742:AAG257f9Dxsz4yG2VdOoPi8UFtCTZEYfJWg/getUpdates "HTTP/1.1 200 OK"
2024-12-12 09:19:08,409 - httpx - INFO - HTTP Request: POST https://api.telegram.org/bot8072664742:AAG257f9Dxsz4yG2VdOoPi8UFtCTZEYfJWg/getUpdates "HTTP/1.1 200 OK"
2024-12-12 09:19:18,499 - httpx - INFO - HTTP Request: POST https://api.telegram.org/bot8072664742:AAG257f9Dxsz4yG2VdOoPi8UFtCTZEYfJWg/getUpdates "HTTP/1.1 200 OK"
2024-12-12 09:19:28,610 - httpx - INFO - HTTP Request: POST https://api.telegram.org/bot8072664742:AAG257f9Dxsz4yG2VdOoPi8UFtCTZEYfJWg/getUpdates "HTTP/1.1 200 OK"
2024-12-12 09:19:38,726 - httpx - INFO - HTTP Request: POST https://api.telegram.org/bot8072664742:AAG257f9Dxsz4yG2VdOoPi8UFtCTZEYfJWg/getUpdates "HTTP/1.1 200 OK"
2024-12-12 09:19:48,823 - httpx - INFO - HTTP Request: POST https://api.telegram.org/bot8072664742:AAG257f9Dxsz4yG2VdOoPi8UFtCTZEYfJWg/getUpdates "HTTP/1.1 200 OK"
2024-12-12 09:19:58,918 - httpx - INFO - HTTP Request: POST https://api.telegram.org/bot8072664742:AAG257f9Dxsz4yG2VdOoPi8UFtCTZEYfJWg/getUpdates "HTTP/1.1 200 OK"
2024-12-12 09:20:09,041 - httpx - INFO - HTTP Request: POST https://api.telegram.org/bot8072664742:AAG257f9Dxsz4yG2VdOoPi8UFtCTZEYfJWg/getUpdates "HTTP/1.1 200 OK"
2024-12-12 09:20:19,174 - httpx - INFO - HTTP Request: POST https://api.telegram.org/bot8072664742:AAG257f9Dxsz4yG2VdOoPi8UFtCTZEYfJWg/getUpdates "HTTP/1.1 200 OK"
2024-12-12 09:20:29,262 - httpx - INFO - HTTP Request: POST https://api.telegram.org/bot8072664742:AAG257f9Dxsz4yG2VdOoPi8UFtCTZEYfJWg/getUpdates "HTTP/1.1 200 OK"
2024-12-12 09:20:39,367 - httpx - INFO - HTTP Request: POST https://api.telegram.org/bot8072664742:AAG257f9Dxsz4yG2VdOoPi8UFtCTZEYfJWg/getUpdates "HTTP/1.1 200 OK"
2024-12-12 09:20:49,461 - httpx - INFO - HTTP Request: POST https://api.telegram.org/bot8072664742:AAG257f9Dxsz4yG2VdOoPi8UFtCTZEYfJWg/getUpdates "HTTP/1.1 200 OK"
2024-12-12 09:20:59,551 - httpx - INFO - HTTP Request: POST https://api.telegram.org/bot8072664742:AAG257f9Dxsz4yG2VdOoPi8UFtCTZEYfJWg/getUpdates "HTTP/1.1 200 OK"
2024-12-12 09:21:09,652 - httpx - INFO - HTTP Request: POST https://api.telegram.org/bot8072664742:AAG257f9Dxsz4yG2VdOoPi8UFtCTZEYfJWg/getUpdates "HTTP/1.1 200 OK"
2024-12-12 09:21:19,738 - httpx - INFO - HTTP Request: POST https://api.telegram.org/bot8072664742:AAG257f9Dxsz4yG2VdOoPi8UFtCTZEYfJWg/getUpdates "HTTP/1.1 200 OK"
2024-12-12 09:21:29,837 - httpx - INFO - HTTP Request: POST https://api.telegram.org/bot8072664742:AAG257f9Dxsz4yG2VdOoPi8UFtCTZEYfJWg/getUpdates "HTTP/1.1 200 OK"
2024-12-12 09:21:39,942 - httpx - INFO - HTTP Request: POST https://api.telegram.org/bot8072664742:AAG257f9Dxsz4yG2VdOoPi8UFtCTZEYfJWg/getUpdates "HTTP/1.1 200 OK"
2024-12-12 09:21:50,037 - httpx - INFO - HTTP Request: POST https://api.telegram.org/bot8072664742:AAG257f9Dxsz4yG2VdOoPi8UFtCTZEYfJWg/getUpdates "HTTP/1.1 200 OK"
2024-12-12 09:22:00,133 - httpx - INFO - HTTP Request: POST https://api.telegram.org/bot8072664742:AAG257f9Dxsz4yG2VdOoPi8UFtCTZEYfJWg/getUpdates "HTTP/1.1 200 OK"
2024-12-12 09:22:10,232 - httpx - INFO - HTTP Request: POST https://api.telegram.org/bot8072664742:AAG257f9Dxsz4yG2VdOoPi8UFtCTZEYfJWg/getUpdates "HTTP/1.1 200 OK"
2024-12-12 09:22:20,328 - httpx - INFO - HTTP Request: POST https://api.telegram.org/bot8072664742:AAG257f9Dxsz4yG2VdOoPi8UFtCTZEYfJWg/getUpdates "HTTP/1.1 200 OK"
2024-12-12 09:22:30,428 - httpx - INFO - HTTP Request: POST https://api.telegram.org/bot8072664742:AAG257f9Dxsz4yG2VdOoPi8UFtCTZEYfJWg/getUpdates "HTTP/1.1 200 OK"
2024-12-12 09:22:40,529 - httpx - INFO - HTTP Request: POST https://api.telegram.org/bot8072664742:AAG257f9Dxsz4yG2VdOoPi8UFtCTZEYfJWg/getUpdates "HTTP/1.1 200 OK"
2024-12-12 09:22:50,626 - httpx - INFO - HTTP Request: POST https://api.telegram.org/bot8072664742:AAG257f9Dxsz4yG2VdOoPi8UFtCTZEYfJWg/getUpdates "HTTP/1.1 200 OK"
2024-12-12 09:23:00,746 - httpx - INFO - HTTP Request: POST https://api.telegram.org/bot8072664742:AAG257f9Dxsz4yG2VdOoPi8UFtCTZEYfJWg/getUpdates "HTTP/1.1 200 OK"
2024-12-12 09:23:10,842 - httpx - INFO - HTTP Request: POST https://api.telegram.org/bot8072664742:AAG257f9Dxsz4yG2VdOoPi8UFtCTZEYfJWg/getUpdates "HTTP/1.1 200 OK"
2024-12-12 09:23:20,939 - httpx - INFO - HTTP Request: POST https://api.telegram.org/bot8072664742:AAG257f9Dxsz4yG2VdOoPi8UFtCTZEYfJWg/getUpdates "HTTP/1.1 200 OK"
2024-12-12 09:23:31,035 - httpx - INFO - HTTP Request: POST https://api.telegram.org/bot8072664742:AAG257f9Dxsz4yG2VdOoPi8UFtCTZEYfJWg/getUpdates "HTTP/1.1 200 OK"
2024-12-12 09:23:41,131 - httpx - INFO - HTTP Request: POST https://api.telegram.org/bot8072664742:AAG257f9Dxsz4yG2VdOoPi8UFtCTZEYfJWg/getUpdates "HTTP/1.1 200 OK"
2024-12-12 09:23:51,234 - httpx - INFO - HTTP Request: POST https://api.telegram.org/bot8072664742:AAG257f9Dxsz4yG2VdOoPi8UFtCTZEYfJWg/getUpdates "HTTP/1.1 200 OK"
2024-12-12 09:24:01,331 - httpx - INFO - HTTP Request: POST https://api.telegram.org/bot8072664742:AAG257f9Dxsz4yG2VdOoPi8UFtCTZEYfJWg/getUpdates "HTTP/1.1 200 OK"
2024-12-12 09:24:11,442 - httpx - INFO - HTTP Request: POST https://api.telegram.org/bot8072664742:AAG257f9Dxsz4yG2VdOoPi8UFtCTZEYfJWg/getUpdates "HTTP/1.1 200 OK"
2024-12-12 09:24:21,541 - httpx - INFO - HTTP Request: POST https://api.telegram.org/bot8072664742:AAG257f9Dxsz4yG2VdOoPi8UFtCTZEYfJWg/getUpdates "HTTP/1.1 200 OK"
2024-12-12 09:24:31,665 - httpx - INFO - HTTP Request: POST https://api.telegram.org/bot8072664742:AAG257f9Dxsz4yG2VdOoPi8UFtCTZEYfJWg/getUpdates "HTTP/1.1 200 OK"
2024-12-12 09:24:41,786 - httpx - INFO - HTTP Request: POST https://api.telegram.org/bot8072664742:AAG257f9Dxsz4yG2VdOoPi8UFtCTZEYfJWg/getUpdates "HTTP/1.1 200 OK"
2024-12-12 09:24:51,883 - httpx - INFO - HTTP Request: POST https://api.telegram.org/bot8072664742:AAG257f9Dxsz4yG2VdOoPi8UFtCTZEYfJWg/getUpdates "HTTP/1.1 200 OK"
2024-12-12 09:25:01,990 - httpx - INFO - HTTP Request: POST https://api.telegram.org/bot8072664742:AAG257f9Dxsz4yG2VdOoPi8UFtCTZEYfJWg/getUpdates "HTTP/1.1 200 OK"
2024-12-12 09:25:12,086 - httpx - INFO - HTTP Request: POST https://api.telegram.org/bot8072664742:AAG257f9Dxsz4yG2VdOoPi8UFtCTZEYfJWg/getUpdates "HTTP/1.1 200 OK"
2024-12-12 09:25:22,185 - httpx - INFO - HTTP Request: POST https://api.telegram.org/bot8072664742:AAG257f9Dxsz4yG2VdOoPi8UFtCTZEYfJWg/getUpdates "HTTP/1.1 200 OK"
2024-12-12 09:25:32,311 - httpx - INFO - HTTP Request: POST https://api.telegram.org/bot8072664742:AAG257f9Dxsz4yG2VdOoPi8UFtCTZEYfJWg/getUpdates "HTTP/1.1 200 OK"
2024-12-12 09:25:42,410 - httpx - INFO - HTTP Request: POST https://api.telegram.org/bot8072664742:AAG257f9Dxsz4yG2VdOoPi8UFtCTZEYfJWg/getUpdates "HTTP/1.1 200 OK"
2024-12-12 09:25:52,510 - httpx - INFO - HTTP Request: POST https://api.telegram.org/bot8072664742:AAG257f9Dxsz4yG2VdOoPi8UFtCTZEYfJWg/getUpdates "HTTP/1.1 200 OK"
2024-12-12 09:26:02,606 - httpx - INFO - HTTP Request: POST https://api.telegram.org/bot8072664742:AAG257f9Dxsz4yG2VdOoPi8UFtCTZEYfJWg/getUpdates "HTTP/1.1 200 OK"
2024-12-12 09:26:12,704 - httpx - INFO - HTTP Request: POST https://api.telegram.org/bot8072664742:AAG257f9Dxsz4yG2VdOoPi8UFtCTZEYfJWg/getUpdates "HTTP/1.1 200 OK"
2024-12-12 09:26:22,801 - httpx - INFO - HTTP Request: POST https://api.telegram.org/bot8072664742:AAG257f9Dxsz4yG2VdOoPi8UFtCTZEYfJWg/getUpdates "HTTP/1.1 200 OK"
2024-12-12 09:26:32,929 - httpx - INFO - HTTP Request: POST https://api.telegram.org/bot8072664742:AAG257f9Dxsz4yG2VdOoPi8UFtCTZEYfJWg/getUpdates "HTTP/1.1 200 OK"
2024-12-12 09:26:43,024 - httpx - INFO - HTTP Request: POST https://api.telegram.org/bot8072664742:AAG257f9Dxsz4yG2VdOoPi8UFtCTZEYfJWg/getUpdates "HTTP/1.1 200 OK"
2024-12-12 09:26:53,122 - httpx - INFO - HTTP Request: POST https://api.telegram.org/bot8072664742:AAG257f9Dxsz4yG2VdOoPi8UFtCTZEYfJWg/getUpdates "HTTP/1.1 200 OK"
2024-12-12 09:27:03,228 - httpx - INFO - HTTP Request: POST https://api.telegram.org/bot8072664742:AAG257f9Dxsz4yG2VdOoPi8UFtCTZEYfJWg/getUpdates "HTTP/1.1 200 OK"
2024-12-12 09:27:05,758 - telegram.ext.Application - INFO - Application is stopping. This might take a moment.
2024-12-12 09:27:05,758 - telegram.ext.Application - INFO - Application.stop() complete
2024-12-12 09:40:55,574 - __main__ - INFO - Бот запущен!
2024-12-12 09:40:55,907 - httpx - INFO - HTTP Request: POST https://api.telegram.org/bot8072664742:AAG257f9Dxsz4yG2VdOoPi8UFtCTZEYfJWg/getMe "HTTP/1.1 200 OK"
2024-12-12 09:40:55,983 - httpx - INFO - HTTP Request: POST https://api.telegram.org/bot8072664742:AAG257f9Dxsz4yG2VdOoPi8UFtCTZEYfJWg/deleteWebhook "HTTP/1.1 200 OK"
2024-12-12 09:40:55,983 - telegram.ext.Application - INFO - Application started
2024-12-12 09:41:06,246 - httpx - INFO - HTTP Request: POST https://api.telegram.org/bot8072664742:AAG257f9Dxsz4yG2VdOoPi8UFtCTZEYfJWg/getUpdates "HTTP/1.1 200 OK"
2024-12-12 09:41:14,423 - httpx - INFO - HTTP Request: POST https://api.telegram.org/bot8072664742:AAG257f9Dxsz4yG2VdOoPi8UFtCTZEYfJWg/getUpdates "HTTP/1.1 200 OK"
2024-12-12 09:41:14,716 - httpx - INFO - HTTP Request: POST https://api.telegram.org/bot8072664742:AAG257f9Dxsz4yG2VdOoPi8UFtCTZEYfJWg/sendMessage "HTTP/1.1 200 OK"
2024-12-12 09:41:20,127 - httpx - INFO - HTTP Request: POST https://api.telegram.org/bot8072664742:AAG257f9Dxsz4yG2VdOoPi8UFtCTZEYfJWg/getUpdates "HTTP/1.1 200 OK"
2024-12-12 09:41:20,457 - httpx - INFO - HTTP Request: POST https://api.telegram.org/bot8072664742:AAG257f9Dxsz4yG2VdOoPi8UFtCTZEYfJWg/sendMessage "HTTP/1.1 200 OK"
2024-12-12 09:41:25,164 - httpx - INFO - HTTP Request: POST https://api.telegram.org/bot8072664742:AAG257f9Dxsz4yG2VdOoPi8UFtCTZEYfJWg/getUpdates "HTTP/1.1 200 OK"
2024-12-12 09:41:25,334 - httpx - INFO - HTTP Request: POST https://api.telegram.org/bot8072664742:AAG257f9Dxsz4yG2VdOoPi8UFtCTZEYfJWg/answerCallbackQuery "HTTP/1.1 200 OK"
2024-12-12 09:41:25,335 - root - INFO - register_flow
2024-12-12 09:41:25,335 - root - INFO - CallbackQuery(chat_instance='8792869098488997295', data='register_flow', from_user=User(first_name='Astemir', id=976196130, is_bot=False, language_code='ru', username='astem_g'), id='4192730455208586358', message=Message(channel_chat_created=False, chat=Chat(first_name='Astemir', id=976196130, type=<ChatType.PRIVATE>, username='astem_g'), date=datetime.datetime(2024, 12, 12, 6, 41, 28, tzinfo=datetime.timezone.utc), delete_chat_photo=False, from_user=User(first_name='SmartBotic', id=8072664742, is_bot=True, username='SmartAlphaBot'), group_chat_created=False, message_id=749, reply_markup=InlineKeyboardMarkup(inline_keyboard=((InlineKeyboardButton(callback_data='login_flow', text='Войти'),), (InlineKeyboardButton(callback_data='register_flow', text='Зарегистрироваться'),))), supergroup_chat_created=False, text='Привет! Я рад, что вы обратились ко мне. Чем я могу помочь вам сегодня? Для начала, выберите пожалуйста'))
2024-12-12 09:41:25,497 - httpx - INFO - HTTP Request: POST https://api.telegram.org/bot8072664742:AAG257f9Dxsz4yG2VdOoPi8UFtCTZEYfJWg/editMessageText "HTTP/1.1 200 OK"
2024-12-12 09:41:35,263 - httpx - INFO - HTTP Request: POST https://api.telegram.org/bot8072664742:AAG257f9Dxsz4yG2VdOoPi8UFtCTZEYfJWg/getUpdates "HTTP/1.1 200 OK"
2024-12-12 09:41:45,351 - httpx - INFO - HTTP Request: POST https://api.telegram.org/bot8072664742:AAG257f9Dxsz4yG2VdOoPi8UFtCTZEYfJWg/getUpdates "HTTP/1.1 200 OK"
2024-12-12 09:41:55,441 - httpx - INFO - HTTP Request: POST https://api.telegram.org/bot8072664742:AAG257f9Dxsz4yG2VdOoPi8UFtCTZEYfJWg/getUpdates "HTTP/1.1 200 OK"
2024-12-12 09:42:05,543 - httpx - INFO - HTTP Request: POST https://api.telegram.org/bot8072664742:AAG257f9Dxsz4yG2VdOoPi8UFtCTZEYfJWg/getUpdates "HTTP/1.1 200 OK"
2024-12-12 09:42:07,502 - httpx - INFO - HTTP Request: POST https://api.telegram.org/bot8072664742:AAG257f9Dxsz4yG2VdOoPi8UFtCTZEYfJWg/getUpdates "HTTP/1.1 200 OK"
2024-12-12 09:42:07,782 - httpx - INFO - HTTP Request: POST https://api.telegram.org/bot8072664742:AAG257f9Dxsz4yG2VdOoPi8UFtCTZEYfJWg/sendMessage "HTTP/1.1 200 OK"
2024-12-12 09:42:17,585 - httpx - INFO - HTTP Request: POST https://api.telegram.org/bot8072664742:AAG257f9Dxsz4yG2VdOoPi8UFtCTZEYfJWg/getUpdates "HTTP/1.1 200 OK"
2024-12-12 09:42:20,787 - httpx - INFO - HTTP Request: POST https://api.telegram.org/bot8072664742:AAG257f9Dxsz4yG2VdOoPi8UFtCTZEYfJWg/getUpdates "HTTP/1.1 200 OK"
2024-12-12 09:42:20,793 - __main__ - ERROR - Ошибка регистрации: 'dict' object has no attribute 'email'
2024-12-12 09:42:21,157 - httpx - INFO - HTTP Request: POST https://api.telegram.org/bot8072664742:AAG257f9Dxsz4yG2VdOoPi8UFtCTZEYfJWg/sendMessage "HTTP/1.1 200 OK"
2024-12-12 09:42:30,913 - httpx - INFO - HTTP Request: POST https://api.telegram.org/bot8072664742:AAG257f9Dxsz4yG2VdOoPi8UFtCTZEYfJWg/getUpdates "HTTP/1.1 200 OK"
2024-12-12 09:42:41,064 - httpx - INFO - HTTP Request: POST https://api.telegram.org/bot8072664742:AAG257f9Dxsz4yG2VdOoPi8UFtCTZEYfJWg/getUpdates "HTTP/1.1 200 OK"
2024-12-12 09:42:51,158 - httpx - INFO - HTTP Request: POST https://api.telegram.org/bot8072664742:AAG257f9Dxsz4yG2VdOoPi8UFtCTZEYfJWg/getUpdates "HTTP/1.1 200 OK"
2024-12-12 09:43:01,249 - httpx - INFO - HTTP Request: POST https://api.telegram.org/bot8072664742:AAG257f9Dxsz4yG2VdOoPi8UFtCTZEYfJWg/getUpdates "HTTP/1.1 200 OK"
2024-12-12 09:43:11,326 - httpx - INFO - HTTP Request: POST https://api.telegram.org/bot8072664742:AAG257f9Dxsz4yG2VdOoPi8UFtCTZEYfJWg/getUpdates "HTTP/1.1 200 OK"
2024-12-12 09:43:21,420 - httpx - INFO - HTTP Request: POST https://api.telegram.org/bot8072664742:AAG257f9Dxsz4yG2VdOoPi8UFtCTZEYfJWg/getUpdates "HTTP/1.1 200 OK"
2024-12-12 09:43:31,527 - httpx - INFO - HTTP Request: POST https://api.telegram.org/bot8072664742:AAG257f9Dxsz4yG2VdOoPi8UFtCTZEYfJWg/getUpdates "HTTP/1.1 200 OK"
2024-12-12 09:43:41,661 - httpx - INFO - HTTP Request: POST https://api.telegram.org/bot8072664742:AAG257f9Dxsz4yG2VdOoPi8UFtCTZEYfJWg/getUpdates "HTTP/1.1 200 OK"
2024-12-12 09:43:51,780 - httpx - INFO - HTTP Request: POST https://api.telegram.org/bot8072664742:AAG257f9Dxsz4yG2VdOoPi8UFtCTZEYfJWg/getUpdates "HTTP/1.1 200 OK"
2024-12-12 09:44:01,872 - httpx - INFO - HTTP Request: POST https://api.telegram.org/bot8072664742:AAG257f9Dxsz4yG2VdOoPi8UFtCTZEYfJWg/getUpdates "HTTP/1.1 200 OK"
2024-12-12 09:44:11,961 - httpx - INFO - HTTP Request: POST https://api.telegram.org/bot8072664742:AAG257f9Dxsz4yG2VdOoPi8UFtCTZEYfJWg/getUpdates "HTTP/1.1 200 OK"
2024-12-12 09:44:22,049 - httpx - INFO - HTTP Request: POST https://api.telegram.org/bot8072664742:AAG257f9Dxsz4yG2VdOoPi8UFtCTZEYfJWg/getUpdates "HTTP/1.1 200 OK"
2024-12-12 09:44:32,139 - httpx - INFO - HTTP Request: POST https://api.telegram.org/bot8072664742:AAG257f9Dxsz4yG2VdOoPi8UFtCTZEYfJWg/getUpdates "HTTP/1.1 200 OK"
2024-12-12 09:44:42,245 - httpx - INFO - HTTP Request: POST https://api.telegram.org/bot8072664742:AAG257f9Dxsz4yG2VdOoPi8UFtCTZEYfJWg/getUpdates "HTTP/1.1 200 OK"
2024-12-12 09:44:52,337 - httpx - INFO - HTTP Request: POST https://api.telegram.org/bot8072664742:AAG257f9Dxsz4yG2VdOoPi8UFtCTZEYfJWg/getUpdates "HTTP/1.1 200 OK"
2024-12-12 09:45:02,425 - httpx - INFO - HTTP Request: POST https://api.telegram.org/bot8072664742:AAG257f9Dxsz4yG2VdOoPi8UFtCTZEYfJWg/getUpdates "HTTP/1.1 200 OK"
2024-12-12 09:45:12,572 - httpx - INFO - HTTP Request: POST https://api.telegram.org/bot8072664742:AAG257f9Dxsz4yG2VdOoPi8UFtCTZEYfJWg/getUpdates "HTTP/1.1 200 OK"
2024-12-12 09:45:22,688 - httpx - INFO - HTTP Request: POST https://api.telegram.org/bot8072664742:AAG257f9Dxsz4yG2VdOoPi8UFtCTZEYfJWg/getUpdates "HTTP/1.1 200 OK"
2024-12-12 09:45:32,785 - httpx - INFO - HTTP Request: POST https://api.telegram.org/bot8072664742:AAG257f9Dxsz4yG2VdOoPi8UFtCTZEYfJWg/getUpdates "HTTP/1.1 200 OK"
2024-12-12 09:45:42,868 - httpx - INFO - HTTP Request: POST https://api.telegram.org/bot8072664742:AAG257f9Dxsz4yG2VdOoPi8UFtCTZEYfJWg/getUpdates "HTTP/1.1 200 OK"
2024-12-12 09:45:52,963 - httpx - INFO - HTTP Request: POST https://api.telegram.org/bot8072664742:AAG257f9Dxsz4yG2VdOoPi8UFtCTZEYfJWg/getUpdates "HTTP/1.1 200 OK"
2024-12-12 09:46:03,048 - httpx - INFO - HTTP Request: POST https://api.telegram.org/bot8072664742:AAG257f9Dxsz4yG2VdOoPi8UFtCTZEYfJWg/getUpdates "HTTP/1.1 200 OK"
2024-12-12 09:46:13,158 - httpx - INFO - HTTP Request: POST https://api.telegram.org/bot8072664742:AAG257f9Dxsz4yG2VdOoPi8UFtCTZEYfJWg/getUpdates "HTTP/1.1 200 OK"
2024-12-12 09:46:23,272 - httpx - INFO - HTTP Request: POST https://api.telegram.org/bot8072664742:AAG257f9Dxsz4yG2VdOoPi8UFtCTZEYfJWg/getUpdates "HTTP/1.1 200 OK"
2024-12-12 09:46:33,365 - httpx - INFO - HTTP Request: POST https://api.telegram.org/bot8072664742:AAG257f9Dxsz4yG2VdOoPi8UFtCTZEYfJWg/getUpdates "HTTP/1.1 200 OK"
2024-12-12 09:46:43,541 - httpx - INFO - HTTP Request: POST https://api.telegram.org/bot8072664742:AAG257f9Dxsz4yG2VdOoPi8UFtCTZEYfJWg/getUpdates "HTTP/1.1 200 OK"
2024-12-12 09:46:53,644 - httpx - INFO - HTTP Request: POST https://api.telegram.org/bot8072664742:AAG257f9Dxsz4yG2VdOoPi8UFtCTZEYfJWg/getUpdates "HTTP/1.1 200 OK"
2024-12-12 09:47:03,734 - httpx - INFO - HTTP Request: POST https://api.telegram.org/bot8072664742:AAG257f9Dxsz4yG2VdOoPi8UFtCTZEYfJWg/getUpdates "HTTP/1.1 200 OK"
2024-12-12 09:47:13,821 - httpx - INFO - HTTP Request: POST https://api.telegram.org/bot8072664742:AAG257f9Dxsz4yG2VdOoPi8UFtCTZEYfJWg/getUpdates "HTTP/1.1 200 OK"
2024-12-12 09:47:23,911 - httpx - INFO - HTTP Request: POST https://api.telegram.org/bot8072664742:AAG257f9Dxsz4yG2VdOoPi8UFtCTZEYfJWg/getUpdates "HTTP/1.1 200 OK"
2024-12-12 09:47:33,999 - httpx - INFO - HTTP Request: POST https://api.telegram.org/bot8072664742:AAG257f9Dxsz4yG2VdOoPi8UFtCTZEYfJWg/getUpdates "HTTP/1.1 200 OK"
2024-12-12 09:47:44,084 - httpx - INFO - HTTP Request: POST https://api.telegram.org/bot8072664742:AAG257f9Dxsz4yG2VdOoPi8UFtCTZEYfJWg/getUpdates "HTTP/1.1 200 OK"
2024-12-12 09:47:54,171 - httpx - INFO - HTTP Request: POST https://api.telegram.org/bot8072664742:AAG257f9Dxsz4yG2VdOoPi8UFtCTZEYfJWg/getUpdates "HTTP/1.1 200 OK"
2024-12-12 09:48:04,281 - httpx - INFO - HTTP Request: POST https://api.telegram.org/bot8072664742:AAG257f9Dxsz4yG2VdOoPi8UFtCTZEYfJWg/getUpdates "HTTP/1.1 200 OK"
2024-12-12 09:48:14,413 - httpx - INFO - HTTP Request: POST https://api.telegram.org/bot8072664742:AAG257f9Dxsz4yG2VdOoPi8UFtCTZEYfJWg/getUpdates "HTTP/1.1 200 OK"
2024-12-12 09:48:24,523 - httpx - INFO - HTTP Request: POST https://api.telegram.org/bot8072664742:AAG257f9Dxsz4yG2VdOoPi8UFtCTZEYfJWg/getUpdates "HTTP/1.1 200 OK"
2024-12-12 09:48:34,608 - httpx - INFO - HTTP Request: POST https://api.telegram.org/bot8072664742:AAG257f9Dxsz4yG2VdOoPi8UFtCTZEYfJWg/getUpdates "HTTP/1.1 200 OK"
2024-12-12 09:48:44,700 - httpx - INFO - HTTP Request: POST https://api.telegram.org/bot8072664742:AAG257f9Dxsz4yG2VdOoPi8UFtCTZEYfJWg/getUpdates "HTTP/1.1 200 OK"
2024-12-12 09:48:54,787 - httpx - INFO - HTTP Request: POST https://api.telegram.org/bot8072664742:AAG257f9Dxsz4yG2VdOoPi8UFtCTZEYfJWg/getUpdates "HTTP/1.1 200 OK"
2024-12-12 09:49:04,876 - httpx - INFO - HTTP Request: POST https://api.telegram.org/bot8072664742:AAG257f9Dxsz4yG2VdOoPi8UFtCTZEYfJWg/getUpdates "HTTP/1.1 200 OK"
2024-12-12 09:49:15,025 - httpx - INFO - HTTP Request: POST https://api.telegram.org/bot8072664742:AAG257f9Dxsz4yG2VdOoPi8UFtCTZEYfJWg/getUpdates "HTTP/1.1 200 OK"
2024-12-12 09:49:25,111 - httpx - INFO - HTTP Request: POST https://api.telegram.org/bot8072664742:AAG257f9Dxsz4yG2VdOoPi8UFtCTZEYfJWg/getUpdates "HTTP/1.1 200 OK"
2024-12-12 09:49:35,206 - httpx - INFO - HTTP Request: POST https://api.telegram.org/bot8072664742:AAG257f9Dxsz4yG2VdOoPi8UFtCTZEYfJWg/getUpdates "HTTP/1.1 200 OK"
2024-12-12 09:49:45,297 - httpx - INFO - HTTP Request: POST https://api.telegram.org/bot8072664742:AAG257f9Dxsz4yG2VdOoPi8UFtCTZEYfJWg/getUpdates "HTTP/1.1 200 OK"
2024-12-12 09:49:55,394 - httpx - INFO - HTTP Request: POST https://api.telegram.org/bot8072664742:AAG257f9Dxsz4yG2VdOoPi8UFtCTZEYfJWg/getUpdates "HTTP/1.1 200 OK"
2024-12-12 09:50:05,479 - httpx - INFO - HTTP Request: POST https://api.telegram.org/bot8072664742:AAG257f9Dxsz4yG2VdOoPi8UFtCTZEYfJWg/getUpdates "HTTP/1.1 200 OK"
2024-12-12 09:50:15,573 - httpx - INFO - HTTP Request: POST https://api.telegram.org/bot8072664742:AAG257f9Dxsz4yG2VdOoPi8UFtCTZEYfJWg/getUpdates "HTTP/1.1 200 OK"
2024-12-12 09:50:25,659 - httpx - INFO - HTTP Request: POST https://api.telegram.org/bot8072664742:AAG257f9Dxsz4yG2VdOoPi8UFtCTZEYfJWg/getUpdates "HTTP/1.1 200 OK"
2024-12-12 09:50:35,746 - httpx - INFO - HTTP Request: POST https://api.telegram.org/bot8072664742:AAG257f9Dxsz4yG2VdOoPi8UFtCTZEYfJWg/getUpdates "HTTP/1.1 200 OK"
2024-12-12 09:50:45,836 - httpx - INFO - HTTP Request: POST https://api.telegram.org/bot8072664742:AAG257f9Dxsz4yG2VdOoPi8UFtCTZEYfJWg/getUpdates "HTTP/1.1 200 OK"
2024-12-12 09:50:55,924 - httpx - INFO - HTTP Request: POST https://api.telegram.org/bot8072664742:AAG257f9Dxsz4yG2VdOoPi8UFtCTZEYfJWg/getUpdates "HTTP/1.1 200 OK"
2024-12-12 09:51:06,051 - httpx - INFO - HTTP Request: POST https://api.telegram.org/bot8072664742:AAG257f9Dxsz4yG2VdOoPi8UFtCTZEYfJWg/getUpdates "HTTP/1.1 200 OK"
2024-12-12 09:51:16,141 - httpx - INFO - HTTP Request: POST https://api.telegram.org/bot8072664742:AAG257f9Dxsz4yG2VdOoPi8UFtCTZEYfJWg/getUpdates "HTTP/1.1 200 OK"
2024-12-12 09:51:26,228 - httpx - INFO - HTTP Request: POST https://api.telegram.org/bot8072664742:AAG257f9Dxsz4yG2VdOoPi8UFtCTZEYfJWg/getUpdates "HTTP/1.1 200 OK"
2024-12-12 09:51:36,326 - httpx - INFO - HTTP Request: POST https://api.telegram.org/bot8072664742:AAG257f9Dxsz4yG2VdOoPi8UFtCTZEYfJWg/getUpdates "HTTP/1.1 200 OK"
2024-12-12 09:51:46,438 - httpx - INFO - HTTP Request: POST https://api.telegram.org/bot8072664742:AAG257f9Dxsz4yG2VdOoPi8UFtCTZEYfJWg/getUpdates "HTTP/1.1 200 OK"
2024-12-12 09:51:56,542 - httpx - INFO - HTTP Request: POST https://api.telegram.org/bot8072664742:AAG257f9Dxsz4yG2VdOoPi8UFtCTZEYfJWg/getUpdates "HTTP/1.1 200 OK"
2024-12-12 09:52:06,630 - httpx - INFO - HTTP Request: POST https://api.telegram.org/bot8072664742:AAG257f9Dxsz4yG2VdOoPi8UFtCTZEYfJWg/getUpdates "HTTP/1.1 200 OK"
2024-12-12 09:52:16,716 - httpx - INFO - HTTP Request: POST https://api.telegram.org/bot8072664742:AAG257f9Dxsz4yG2VdOoPi8UFtCTZEYfJWg/getUpdates "HTTP/1.1 200 OK"
2024-12-12 09:52:26,828 - httpx - INFO - HTTP Request: POST https://api.telegram.org/bot8072664742:AAG257f9Dxsz4yG2VdOoPi8UFtCTZEYfJWg/getUpdates "HTTP/1.1 200 OK"
2024-12-12 09:52:36,959 - httpx - INFO - HTTP Request: POST https://api.telegram.org/bot8072664742:AAG257f9Dxsz4yG2VdOoPi8UFtCTZEYfJWg/getUpdates "HTTP/1.1 200 OK"
2024-12-12 09:52:47,051 - httpx - INFO - HTTP Request: POST https://api.telegram.org/bot8072664742:AAG257f9Dxsz4yG2VdOoPi8UFtCTZEYfJWg/getUpdates "HTTP/1.1 200 OK"
2024-12-12 09:52:57,144 - httpx - INFO - HTTP Request: POST https://api.telegram.org/bot8072664742:AAG257f9Dxsz4yG2VdOoPi8UFtCTZEYfJWg/getUpdates "HTTP/1.1 200 OK"
2024-12-12 09:53:07,243 - httpx - INFO - HTTP Request: POST https://api.telegram.org/bot8072664742:AAG257f9Dxsz4yG2VdOoPi8UFtCTZEYfJWg/getUpdates "HTTP/1.1 200 OK"
2024-12-12 09:53:17,325 - httpx - INFO - HTTP Request: POST https://api.telegram.org/bot8072664742:AAG257f9Dxsz4yG2VdOoPi8UFtCTZEYfJWg/getUpdates "HTTP/1.1 200 OK"
2024-12-12 09:53:27,434 - httpx - INFO - HTTP Request: POST https://api.telegram.org/bot8072664742:AAG257f9Dxsz4yG2VdOoPi8UFtCTZEYfJWg/getUpdates "HTTP/1.1 200 OK"
2024-12-12 09:53:37,541 - httpx - INFO - HTTP Request: POST https://api.telegram.org/bot8072664742:AAG257f9Dxsz4yG2VdOoPi8UFtCTZEYfJWg/getUpdates "HTTP/1.1 200 OK"
2024-12-12 09:53:47,631 - httpx - INFO - HTTP Request: POST https://api.telegram.org/bot8072664742:AAG257f9Dxsz4yG2VdOoPi8UFtCTZEYfJWg/getUpdates "HTTP/1.1 200 OK"
2024-12-12 09:53:57,703 - httpx - INFO - HTTP Request: POST https://api.telegram.org/bot8072664742:AAG257f9Dxsz4yG2VdOoPi8UFtCTZEYfJWg/getUpdates "HTTP/1.1 200 OK"
2024-12-12 09:54:07,820 - httpx - INFO - HTTP Request: POST https://api.telegram.org/bot8072664742:AAG257f9Dxsz4yG2VdOoPi8UFtCTZEYfJWg/getUpdates "HTTP/1.1 200 OK"
2024-12-12 09:54:17,913 - httpx - INFO - HTTP Request: POST https://api.telegram.org/bot8072664742:AAG257f9Dxsz4yG2VdOoPi8UFtCTZEYfJWg/getUpdates "HTTP/1.1 200 OK"
2024-12-12 09:54:28,011 - httpx - INFO - HTTP Request: POST https://api.telegram.org/bot8072664742:AAG257f9Dxsz4yG2VdOoPi8UFtCTZEYfJWg/getUpdates "HTTP/1.1 200 OK"
2024-12-12 09:54:38,103 - httpx - INFO - HTTP Request: POST https://api.telegram.org/bot8072664742:AAG257f9Dxsz4yG2VdOoPi8UFtCTZEYfJWg/getUpdates "HTTP/1.1 200 OK"
2024-12-12 09:54:48,179 - httpx - INFO - HTTP Request: POST https://api.telegram.org/bot8072664742:AAG257f9Dxsz4yG2VdOoPi8UFtCTZEYfJWg/getUpdates "HTTP/1.1 200 OK"
2024-12-12 09:54:58,276 - httpx - INFO - HTTP Request: POST https://api.telegram.org/bot8072664742:AAG257f9Dxsz4yG2VdOoPi8UFtCTZEYfJWg/getUpdates "HTTP/1.1 200 OK"
2024-12-12 09:55:08,365 - httpx - INFO - HTTP Request: POST https://api.telegram.org/bot8072664742:AAG257f9Dxsz4yG2VdOoPi8UFtCTZEYfJWg/getUpdates "HTTP/1.1 200 OK"
2024-12-12 09:55:18,444 - httpx - INFO - HTTP Request: POST https://api.telegram.org/bot8072664742:AAG257f9Dxsz4yG2VdOoPi8UFtCTZEYfJWg/getUpdates "HTTP/1.1 200 OK"
2024-12-12 09:55:28,534 - httpx - INFO - HTTP Request: POST https://api.telegram.org/bot8072664742:AAG257f9Dxsz4yG2VdOoPi8UFtCTZEYfJWg/getUpdates "HTTP/1.1 200 OK"
2024-12-12 09:55:38,625 - httpx - INFO - HTTP Request: POST https://api.telegram.org/bot8072664742:AAG257f9Dxsz4yG2VdOoPi8UFtCTZEYfJWg/getUpdates "HTTP/1.1 200 OK"
2024-12-12 09:55:48,718 - httpx - INFO - HTTP Request: POST https://api.telegram.org/bot8072664742:AAG257f9Dxsz4yG2VdOoPi8UFtCTZEYfJWg/getUpdates "HTTP/1.1 200 OK"
2024-12-12 09:55:58,805 - httpx - INFO - HTTP Request: POST https://api.telegram.org/bot8072664742:AAG257f9Dxsz4yG2VdOoPi8UFtCTZEYfJWg/getUpdates "HTTP/1.1 200 OK"
2024-12-12 09:56:08,917 - httpx - INFO - HTTP Request: POST https://api.telegram.org/bot8072664742:AAG257f9Dxsz4yG2VdOoPi8UFtCTZEYfJWg/getUpdates "HTTP/1.1 200 OK"
2024-12-12 09:56:19,009 - httpx - INFO - HTTP Request: POST https://api.telegram.org/bot8072664742:AAG257f9Dxsz4yG2VdOoPi8UFtCTZEYfJWg/getUpdates "HTTP/1.1 200 OK"
2024-12-12 09:56:29,094 - httpx - INFO - HTTP Request: POST https://api.telegram.org/bot8072664742:AAG257f9Dxsz4yG2VdOoPi8UFtCTZEYfJWg/getUpdates "HTTP/1.1 200 OK"
2024-12-12 09:56:39,189 - httpx - INFO - HTTP Request: POST https://api.telegram.org/bot8072664742:AAG257f9Dxsz4yG2VdOoPi8UFtCTZEYfJWg/getUpdates "HTTP/1.1 200 OK"
2024-12-12 09:56:49,262 - httpx - INFO - HTTP Request: POST https://api.telegram.org/bot8072664742:AAG257f9Dxsz4yG2VdOoPi8UFtCTZEYfJWg/getUpdates "HTTP/1.1 200 OK"
2024-12-12 09:56:59,371 - httpx - INFO - HTTP Request: POST https://api.telegram.org/bot8072664742:AAG257f9Dxsz4yG2VdOoPi8UFtCTZEYfJWg/getUpdates "HTTP/1.1 200 OK"
2024-12-12 09:57:09,483 - httpx - INFO - HTTP Request: POST https://api.telegram.org/bot8072664742:AAG257f9Dxsz4yG2VdOoPi8UFtCTZEYfJWg/getUpdates "HTTP/1.1 200 OK"
2024-12-12 09:57:19,576 - httpx - INFO - HTTP Request: POST https://api.telegram.org/bot8072664742:AAG257f9Dxsz4yG2VdOoPi8UFtCTZEYfJWg/getUpdates "HTTP/1.1 200 OK"
2024-12-12 09:57:29,917 - httpx - INFO - HTTP Request: POST https://api.telegram.org/bot8072664742:AAG257f9Dxsz4yG2VdOoPi8UFtCTZEYfJWg/getUpdates "HTTP/1.1 200 OK"
2024-12-12 09:57:40,016 - httpx - INFO - HTTP Request: POST https://api.telegram.org/bot8072664742:AAG257f9Dxsz4yG2VdOoPi8UFtCTZEYfJWg/getUpdates "HTTP/1.1 200 OK"
2024-12-12 09:57:50,128 - httpx - INFO - HTTP Request: POST https://api.telegram.org/bot8072664742:AAG257f9Dxsz4yG2VdOoPi8UFtCTZEYfJWg/getUpdates "HTTP/1.1 200 OK"
2024-12-12 09:58:00,224 - httpx - INFO - HTTP Request: POST https://api.telegram.org/bot8072664742:AAG257f9Dxsz4yG2VdOoPi8UFtCTZEYfJWg/getUpdates "HTTP/1.1 200 OK"
2024-12-12 09:58:10,337 - httpx - INFO - HTTP Request: POST https://api.telegram.org/bot8072664742:AAG257f9Dxsz4yG2VdOoPi8UFtCTZEYfJWg/getUpdates "HTTP/1.1 200 OK"
2024-12-12 09:58:20,461 - httpx - INFO - HTTP Request: POST https://api.telegram.org/bot8072664742:AAG257f9Dxsz4yG2VdOoPi8UFtCTZEYfJWg/getUpdates "HTTP/1.1 200 OK"
2024-12-12 09:58:30,642 - httpx - INFO - HTTP Request: POST https://api.telegram.org/bot8072664742:AAG257f9Dxsz4yG2VdOoPi8UFtCTZEYfJWg/getUpdates "HTTP/1.1 200 OK"
2024-12-12 09:58:40,735 - httpx - INFO - HTTP Request: POST https://api.telegram.org/bot8072664742:AAG257f9Dxsz4yG2VdOoPi8UFtCTZEYfJWg/getUpdates "HTTP/1.1 200 OK"
2024-12-12 09:58:50,855 - httpx - INFO - HTTP Request: POST https://api.telegram.org/bot8072664742:AAG257f9Dxsz4yG2VdOoPi8UFtCTZEYfJWg/getUpdates "HTTP/1.1 200 OK"
2024-12-12 09:59:00,995 - httpx - INFO - HTTP Request: POST https://api.telegram.org/bot8072664742:AAG257f9Dxsz4yG2VdOoPi8UFtCTZEYfJWg/getUpdates "HTTP/1.1 200 OK"
2024-12-12 09:59:11,121 - httpx - INFO - HTTP Request: POST https://api.telegram.org/bot8072664742:AAG257f9Dxsz4yG2VdOoPi8UFtCTZEYfJWg/getUpdates "HTTP/1.1 200 OK"
2024-12-12 09:59:21,235 - httpx - INFO - HTTP Request: POST https://api.telegram.org/bot8072664742:AAG257f9Dxsz4yG2VdOoPi8UFtCTZEYfJWg/getUpdates "HTTP/1.1 200 OK"
2024-12-12 09:59:31,329 - httpx - INFO - HTTP Request: POST https://api.telegram.org/bot8072664742:AAG257f9Dxsz4yG2VdOoPi8UFtCTZEYfJWg/getUpdates "HTTP/1.1 200 OK"
2024-12-12 09:59:41,420 - httpx - INFO - HTTP Request: POST https://api.telegram.org/bot8072664742:AAG257f9Dxsz4yG2VdOoPi8UFtCTZEYfJWg/getUpdates "HTTP/1.1 200 OK"
2024-12-12 09:59:51,523 - httpx - INFO - HTTP Request: POST https://api.telegram.org/bot8072664742:AAG257f9Dxsz4yG2VdOoPi8UFtCTZEYfJWg/getUpdates "HTTP/1.1 200 OK"
2024-12-12 10:00:01,620 - httpx - INFO - HTTP Request: POST https://api.telegram.org/bot8072664742:AAG257f9Dxsz4yG2VdOoPi8UFtCTZEYfJWg/getUpdates "HTTP/1.1 200 OK"
2024-12-12 10:00:11,852 - httpx - INFO - HTTP Request: POST https://api.telegram.org/bot8072664742:AAG257f9Dxsz4yG2VdOoPi8UFtCTZEYfJWg/getUpdates "HTTP/1.1 200 OK"
2024-12-12 10:00:21,954 - httpx - INFO - HTTP Request: POST https://api.telegram.org/bot8072664742:AAG257f9Dxsz4yG2VdOoPi8UFtCTZEYfJWg/getUpdates "HTTP/1.1 200 OK"
2024-12-12 10:00:32,060 - httpx - INFO - HTTP Request: POST https://api.telegram.org/bot8072664742:AAG257f9Dxsz4yG2VdOoPi8UFtCTZEYfJWg/getUpdates "HTTP/1.1 200 OK"
2024-12-12 10:00:42,170 - httpx - INFO - HTTP Request: POST https://api.telegram.org/bot8072664742:AAG257f9Dxsz4yG2VdOoPi8UFtCTZEYfJWg/getUpdates "HTTP/1.1 200 OK"
2024-12-12 10:00:52,279 - httpx - INFO - HTTP Request: POST https://api.telegram.org/bot8072664742:AAG257f9Dxsz4yG2VdOoPi8UFtCTZEYfJWg/getUpdates "HTTP/1.1 200 OK"
2024-12-12 10:01:02,401 - httpx - INFO - HTTP Request: POST https://api.telegram.org/bot8072664742:AAG257f9Dxsz4yG2VdOoPi8UFtCTZEYfJWg/getUpdates "HTTP/1.1 200 OK"
2024-12-12 10:01:12,510 - httpx - INFO - HTTP Request: POST https://api.telegram.org/bot8072664742:AAG257f9Dxsz4yG2VdOoPi8UFtCTZEYfJWg/getUpdates "HTTP/1.1 200 OK"
2024-12-12 10:01:22,611 - httpx - INFO - HTTP Request: POST https://api.telegram.org/bot8072664742:AAG257f9Dxsz4yG2VdOoPi8UFtCTZEYfJWg/getUpdates "HTTP/1.1 200 OK"
2024-12-12 10:01:32,725 - httpx - INFO - HTTP Request: POST https://api.telegram.org/bot8072664742:AAG257f9Dxsz4yG2VdOoPi8UFtCTZEYfJWg/getUpdates "HTTP/1.1 200 OK"
2024-12-12 10:01:42,818 - httpx - INFO - HTTP Request: POST https://api.telegram.org/bot8072664742:AAG257f9Dxsz4yG2VdOoPi8UFtCTZEYfJWg/getUpdates "HTTP/1.1 200 OK"
2024-12-12 10:01:52,913 - httpx - INFO - HTTP Request: POST https://api.telegram.org/bot8072664742:AAG257f9Dxsz4yG2VdOoPi8UFtCTZEYfJWg/getUpdates "HTTP/1.1 200 OK"
2024-12-12 10:02:03,016 - httpx - INFO - HTTP Request: POST https://api.telegram.org/bot8072664742:AAG257f9Dxsz4yG2VdOoPi8UFtCTZEYfJWg/getUpdates "HTTP/1.1 200 OK"
2024-12-12 10:02:13,120 - httpx - INFO - HTTP Request: POST https://api.telegram.org/bot8072664742:AAG257f9Dxsz4yG2VdOoPi8UFtCTZEYfJWg/getUpdates "HTTP/1.1 200 OK"
2024-12-12 10:02:23,221 - httpx - INFO - HTTP Request: POST https://api.telegram.org/bot8072664742:AAG257f9Dxsz4yG2VdOoPi8UFtCTZEYfJWg/getUpdates "HTTP/1.1 200 OK"
2024-12-12 10:02:33,321 - httpx - INFO - HTTP Request: POST https://api.telegram.org/bot8072664742:AAG257f9Dxsz4yG2VdOoPi8UFtCTZEYfJWg/getUpdates "HTTP/1.1 200 OK"
2024-12-12 10:02:43,426 - httpx - INFO - HTTP Request: POST https://api.telegram.org/bot8072664742:AAG257f9Dxsz4yG2VdOoPi8UFtCTZEYfJWg/getUpdates "HTTP/1.1 200 OK"
2024-12-12 10:02:53,518 - httpx - INFO - HTTP Request: POST https://api.telegram.org/bot8072664742:AAG257f9Dxsz4yG2VdOoPi8UFtCTZEYfJWg/getUpdates "HTTP/1.1 200 OK"
2024-12-12 10:03:03,711 - httpx - INFO - HTTP Request: POST https://api.telegram.org/bot8072664742:AAG257f9Dxsz4yG2VdOoPi8UFtCTZEYfJWg/getUpdates "HTTP/1.1 200 OK"
2024-12-12 10:03:13,806 - httpx - INFO - HTTP Request: POST https://api.telegram.org/bot8072664742:AAG257f9Dxsz4yG2VdOoPi8UFtCTZEYfJWg/getUpdates "HTTP/1.1 200 OK"
2024-12-12 10:03:23,910 - httpx - INFO - HTTP Request: POST https://api.telegram.org/bot8072664742:AAG257f9Dxsz4yG2VdOoPi8UFtCTZEYfJWg/getUpdates "HTTP/1.1 200 OK"
2024-12-12 10:03:34,014 - httpx - INFO - HTTP Request: POST https://api.telegram.org/bot8072664742:AAG257f9Dxsz4yG2VdOoPi8UFtCTZEYfJWg/getUpdates "HTTP/1.1 200 OK"
2024-12-12 10:03:44,110 - httpx - INFO - HTTP Request: POST https://api.telegram.org/bot8072664742:AAG257f9Dxsz4yG2VdOoPi8UFtCTZEYfJWg/getUpdates "HTTP/1.1 200 OK"
2024-12-12 10:03:54,264 - httpx - INFO - HTTP Request: POST https://api.telegram.org/bot8072664742:AAG257f9Dxsz4yG2VdOoPi8UFtCTZEYfJWg/getUpdates "HTTP/1.1 200 OK"
2024-12-12 10:04:04,424 - httpx - INFO - HTTP Request: POST https://api.telegram.org/bot8072664742:AAG257f9Dxsz4yG2VdOoPi8UFtCTZEYfJWg/getUpdates "HTTP/1.1 200 OK"
2024-12-12 10:04:14,551 - httpx - INFO - HTTP Request: POST https://api.telegram.org/bot8072664742:AAG257f9Dxsz4yG2VdOoPi8UFtCTZEYfJWg/getUpdates "HTTP/1.1 200 OK"
2024-12-12 10:04:24,647 - httpx - INFO - HTTP Request: POST https://api.telegram.org/bot8072664742:AAG257f9Dxsz4yG2VdOoPi8UFtCTZEYfJWg/getUpdates "HTTP/1.1 200 OK"
2024-12-12 10:04:34,750 - httpx - INFO - HTTP Request: POST https://api.telegram.org/bot8072664742:AAG257f9Dxsz4yG2VdOoPi8UFtCTZEYfJWg/getUpdates "HTTP/1.1 200 OK"
2024-12-12 10:04:44,920 - httpx - INFO - HTTP Request: POST https://api.telegram.org/bot8072664742:AAG257f9Dxsz4yG2VdOoPi8UFtCTZEYfJWg/getUpdates "HTTP/1.1 200 OK"
2024-12-12 10:04:55,064 - httpx - INFO - HTTP Request: POST https://api.telegram.org/bot8072664742:AAG257f9Dxsz4yG2VdOoPi8UFtCTZEYfJWg/getUpdates "HTTP/1.1 200 OK"
2024-12-12 10:05:05,162 - httpx - INFO - HTTP Request: POST https://api.telegram.org/bot8072664742:AAG257f9Dxsz4yG2VdOoPi8UFtCTZEYfJWg/getUpdates "HTTP/1.1 200 OK"
2024-12-12 10:05:15,272 - httpx - INFO - HTTP Request: POST https://api.telegram.org/bot8072664742:AAG257f9Dxsz4yG2VdOoPi8UFtCTZEYfJWg/getUpdates "HTTP/1.1 200 OK"
2024-12-12 10:05:25,408 - httpx - INFO - HTTP Request: POST https://api.telegram.org/bot8072664742:AAG257f9Dxsz4yG2VdOoPi8UFtCTZEYfJWg/getUpdates "HTTP/1.1 200 OK"
2024-12-12 10:05:35,567 - httpx - INFO - HTTP Request: POST https://api.telegram.org/bot8072664742:AAG257f9Dxsz4yG2VdOoPi8UFtCTZEYfJWg/getUpdates "HTTP/1.1 200 OK"
2024-12-12 10:05:45,667 - httpx - INFO - HTTP Request: POST https://api.telegram.org/bot8072664742:AAG257f9Dxsz4yG2VdOoPi8UFtCTZEYfJWg/getUpdates "HTTP/1.1 200 OK"
2024-12-12 10:05:55,774 - httpx - INFO - HTTP Request: POST https://api.telegram.org/bot8072664742:AAG257f9Dxsz4yG2VdOoPi8UFtCTZEYfJWg/getUpdates "HTTP/1.1 200 OK"
2024-12-12 10:06:05,885 - httpx - INFO - HTTP Request: POST https://api.telegram.org/bot8072664742:AAG257f9Dxsz4yG2VdOoPi8UFtCTZEYfJWg/getUpdates "HTTP/1.1 200 OK"
2024-12-12 10:06:15,978 - httpx - INFO - HTTP Request: POST https://api.telegram.org/bot8072664742:AAG257f9Dxsz4yG2VdOoPi8UFtCTZEYfJWg/getUpdates "HTTP/1.1 200 OK"
2024-12-12 10:06:25,935 - telegram.ext.Application - INFO - Application is stopping. This might take a moment.
2024-12-12 10:06:25,935 - telegram.ext.Application - INFO - Application.stop() complete
2024-12-12 10:06:31,446 - __main__ - INFO - Бот запущен!
2024-12-12 10:06:31,788 - httpx - INFO - HTTP Request: POST https://api.telegram.org/bot8072664742:AAG257f9Dxsz4yG2VdOoPi8UFtCTZEYfJWg/getMe "HTTP/1.1 200 OK"
2024-12-12 10:06:31,880 - httpx - INFO - HTTP Request: POST https://api.telegram.org/bot8072664742:AAG257f9Dxsz4yG2VdOoPi8UFtCTZEYfJWg/deleteWebhook "HTTP/1.1 200 OK"
2024-12-12 10:06:31,881 - telegram.ext.Application - INFO - Application started
2024-12-12 10:06:42,113 - httpx - INFO - HTTP Request: POST https://api.telegram.org/bot8072664742:AAG257f9Dxsz4yG2VdOoPi8UFtCTZEYfJWg/getUpdates "HTTP/1.1 200 OK"
2024-12-12 10:06:52,191 - httpx - INFO - HTTP Request: POST https://api.telegram.org/bot8072664742:AAG257f9Dxsz4yG2VdOoPi8UFtCTZEYfJWg/getUpdates "HTTP/1.1 200 OK"
2024-12-12 10:07:00,235 - httpx - INFO - HTTP Request: POST https://api.telegram.org/bot8072664742:AAG257f9Dxsz4yG2VdOoPi8UFtCTZEYfJWg/getUpdates "HTTP/1.1 200 OK"
2024-12-12 10:07:00,543 - httpx - INFO - HTTP Request: POST https://api.telegram.org/bot8072664742:AAG257f9Dxsz4yG2VdOoPi8UFtCTZEYfJWg/sendMessage "HTTP/1.1 200 OK"
2024-12-12 10:07:08,522 - httpx - INFO - HTTP Request: POST https://api.telegram.org/bot8072664742:AAG257f9Dxsz4yG2VdOoPi8UFtCTZEYfJWg/getUpdates "HTTP/1.1 200 OK"
2024-12-12 10:07:08,819 - httpx - INFO - HTTP Request: POST https://api.telegram.org/bot8072664742:AAG257f9Dxsz4yG2VdOoPi8UFtCTZEYfJWg/sendMessage "HTTP/1.1 200 OK"
2024-12-12 10:07:13,910 - httpx - INFO - HTTP Request: POST https://api.telegram.org/bot8072664742:AAG257f9Dxsz4yG2VdOoPi8UFtCTZEYfJWg/getUpdates "HTTP/1.1 200 OK"
2024-12-12 10:07:14,177 - httpx - INFO - HTTP Request: POST https://api.telegram.org/bot8072664742:AAG257f9Dxsz4yG2VdOoPi8UFtCTZEYfJWg/answerCallbackQuery "HTTP/1.1 200 OK"
2024-12-12 10:07:14,177 - root - INFO - register_flow
2024-12-12 10:07:14,177 - root - INFO - CallbackQuery(chat_instance='8792869098488997295', data='register_flow', from_user=User(first_name='Astemir', id=976196130, is_bot=False, language_code='ru', username='astem_g'), id='4192730453191766607', message=Message(channel_chat_created=False, chat=Chat(first_name='Astemir', id=976196130, type=<ChatType.PRIVATE>, username='astem_g'), date=datetime.datetime(2024, 12, 12, 7, 7, 16, tzinfo=datetime.timezone.utc), delete_chat_photo=False, from_user=User(first_name='SmartBotic', id=8072664742, is_bot=True, username='SmartAlphaBot'), group_chat_created=False, message_id=757, reply_markup=InlineKeyboardMarkup(inline_keyboard=((InlineKeyboardButton(callback_data='login_flow', text='Войти'),), (InlineKeyboardButton(callback_data='register_flow', text='Зарегистрироваться'),))), supergroup_chat_created=False, text='Привет! Я рад, что вы обратились ко мне. Чем я могу помочь вам сегодня? Для начала, выберите пожалуйста'))
2024-12-12 10:07:14,293 - httpx - INFO - HTTP Request: POST https://api.telegram.org/bot8072664742:AAG257f9Dxsz4yG2VdOoPi8UFtCTZEYfJWg/editMessageText "HTTP/1.1 200 OK"
2024-12-12 10:07:20,200 - httpx - INFO - HTTP Request: POST https://api.telegram.org/bot8072664742:AAG257f9Dxsz4yG2VdOoPi8UFtCTZEYfJWg/getUpdates "HTTP/1.1 200 OK"
2024-12-12 10:07:20,202 - __main__ - ERROR - Ошибка регистрации: BaseModel.__init__() takes 1 positional argument but 5 were given
2024-12-12 10:07:20,568 - httpx - INFO - HTTP Request: POST https://api.telegram.org/bot8072664742:AAG257f9Dxsz4yG2VdOoPi8UFtCTZEYfJWg/sendMessage "HTTP/1.1 200 OK"
2024-12-12 10:07:30,300 - httpx - INFO - HTTP Request: POST https://api.telegram.org/bot8072664742:AAG257f9Dxsz4yG2VdOoPi8UFtCTZEYfJWg/getUpdates "HTTP/1.1 200 OK"
2024-12-12 10:07:40,379 - httpx - INFO - HTTP Request: POST https://api.telegram.org/bot8072664742:AAG257f9Dxsz4yG2VdOoPi8UFtCTZEYfJWg/getUpdates "HTTP/1.1 200 OK"
2024-12-12 10:07:50,457 - httpx - INFO - HTTP Request: POST https://api.telegram.org/bot8072664742:AAG257f9Dxsz4yG2VdOoPi8UFtCTZEYfJWg/getUpdates "HTTP/1.1 200 OK"
2024-12-12 10:08:00,535 - httpx - INFO - HTTP Request: POST https://api.telegram.org/bot8072664742:AAG257f9Dxsz4yG2VdOoPi8UFtCTZEYfJWg/getUpdates "HTTP/1.1 200 OK"
2024-12-12 10:08:10,613 - httpx - INFO - HTTP Request: POST https://api.telegram.org/bot8072664742:AAG257f9Dxsz4yG2VdOoPi8UFtCTZEYfJWg/getUpdates "HTTP/1.1 200 OK"
2024-12-12 10:08:20,692 - httpx - INFO - HTTP Request: POST https://api.telegram.org/bot8072664742:AAG257f9Dxsz4yG2VdOoPi8UFtCTZEYfJWg/getUpdates "HTTP/1.1 200 OK"
2024-12-12 10:08:30,772 - httpx - INFO - HTTP Request: POST https://api.telegram.org/bot8072664742:AAG257f9Dxsz4yG2VdOoPi8UFtCTZEYfJWg/getUpdates "HTTP/1.1 200 OK"
2024-12-12 10:08:40,850 - httpx - INFO - HTTP Request: POST https://api.telegram.org/bot8072664742:AAG257f9Dxsz4yG2VdOoPi8UFtCTZEYfJWg/getUpdates "HTTP/1.1 200 OK"
2024-12-12 10:08:50,929 - httpx - INFO - HTTP Request: POST https://api.telegram.org/bot8072664742:AAG257f9Dxsz4yG2VdOoPi8UFtCTZEYfJWg/getUpdates "HTTP/1.1 200 OK"
2024-12-12 10:09:01,008 - httpx - INFO - HTTP Request: POST https://api.telegram.org/bot8072664742:AAG257f9Dxsz4yG2VdOoPi8UFtCTZEYfJWg/getUpdates "HTTP/1.1 200 OK"
2024-12-12 10:09:11,085 - httpx - INFO - HTTP Request: POST https://api.telegram.org/bot8072664742:AAG257f9Dxsz4yG2VdOoPi8UFtCTZEYfJWg/getUpdates "HTTP/1.1 200 OK"
2024-12-12 10:09:21,164 - httpx - INFO - HTTP Request: POST https://api.telegram.org/bot8072664742:AAG257f9Dxsz4yG2VdOoPi8UFtCTZEYfJWg/getUpdates "HTTP/1.1 200 OK"
2024-12-12 10:09:31,246 - httpx - INFO - HTTP Request: POST https://api.telegram.org/bot8072664742:AAG257f9Dxsz4yG2VdOoPi8UFtCTZEYfJWg/getUpdates "HTTP/1.1 200 OK"
2024-12-12 10:09:41,323 - httpx - INFO - HTTP Request: POST https://api.telegram.org/bot8072664742:AAG257f9Dxsz4yG2VdOoPi8UFtCTZEYfJWg/getUpdates "HTTP/1.1 200 OK"
2024-12-12 10:09:51,402 - httpx - INFO - HTTP Request: POST https://api.telegram.org/bot8072664742:AAG257f9Dxsz4yG2VdOoPi8UFtCTZEYfJWg/getUpdates "HTTP/1.1 200 OK"
2024-12-12 10:10:01,482 - httpx - INFO - HTTP Request: POST https://api.telegram.org/bot8072664742:AAG257f9Dxsz4yG2VdOoPi8UFtCTZEYfJWg/getUpdates "HTTP/1.1 200 OK"
2024-12-12 10:10:11,560 - httpx - INFO - HTTP Request: POST https://api.telegram.org/bot8072664742:AAG257f9Dxsz4yG2VdOoPi8UFtCTZEYfJWg/getUpdates "HTTP/1.1 200 OK"
2024-12-12 10:10:21,639 - httpx - INFO - HTTP Request: POST https://api.telegram.org/bot8072664742:AAG257f9Dxsz4yG2VdOoPi8UFtCTZEYfJWg/getUpdates "HTTP/1.1 200 OK"
2024-12-12 10:10:31,720 - httpx - INFO - HTTP Request: POST https://api.telegram.org/bot8072664742:AAG257f9Dxsz4yG2VdOoPi8UFtCTZEYfJWg/getUpdates "HTTP/1.1 200 OK"
2024-12-12 10:10:41,799 - httpx - INFO - HTTP Request: POST https://api.telegram.org/bot8072664742:AAG257f9Dxsz4yG2VdOoPi8UFtCTZEYfJWg/getUpdates "HTTP/1.1 200 OK"
2024-12-12 10:10:51,889 - httpx - INFO - HTTP Request: POST https://api.telegram.org/bot8072664742:AAG257f9Dxsz4yG2VdOoPi8UFtCTZEYfJWg/getUpdates "HTTP/1.1 200 OK"
2024-12-12 10:11:01,973 - httpx - INFO - HTTP Request: POST https://api.telegram.org/bot8072664742:AAG257f9Dxsz4yG2VdOoPi8UFtCTZEYfJWg/getUpdates "HTTP/1.1 200 OK"
2024-12-12 10:11:12,051 - httpx - INFO - HTTP Request: POST https://api.telegram.org/bot8072664742:AAG257f9Dxsz4yG2VdOoPi8UFtCTZEYfJWg/getUpdates "HTTP/1.1 200 OK"
2024-12-12 10:11:22,133 - httpx - INFO - HTTP Request: POST https://api.telegram.org/bot8072664742:AAG257f9Dxsz4yG2VdOoPi8UFtCTZEYfJWg/getUpdates "HTTP/1.1 200 OK"
2024-12-12 10:11:32,213 - httpx - INFO - HTTP Request: POST https://api.telegram.org/bot8072664742:AAG257f9Dxsz4yG2VdOoPi8UFtCTZEYfJWg/getUpdates "HTTP/1.1 200 OK"
2024-12-12 10:11:42,294 - httpx - INFO - HTTP Request: POST https://api.telegram.org/bot8072664742:AAG257f9Dxsz4yG2VdOoPi8UFtCTZEYfJWg/getUpdates "HTTP/1.1 200 OK"
2024-12-12 10:11:52,371 - httpx - INFO - HTTP Request: POST https://api.telegram.org/bot8072664742:AAG257f9Dxsz4yG2VdOoPi8UFtCTZEYfJWg/getUpdates "HTTP/1.1 200 OK"
2024-12-12 10:12:02,449 - httpx - INFO - HTTP Request: POST https://api.telegram.org/bot8072664742:AAG257f9Dxsz4yG2VdOoPi8UFtCTZEYfJWg/getUpdates "HTTP/1.1 200 OK"
2024-12-12 10:12:12,528 - httpx - INFO - HTTP Request: POST https://api.telegram.org/bot8072664742:AAG257f9Dxsz4yG2VdOoPi8UFtCTZEYfJWg/getUpdates "HTTP/1.1 200 OK"
2024-12-12 10:12:22,610 - httpx - INFO - HTTP Request: POST https://api.telegram.org/bot8072664742:AAG257f9Dxsz4yG2VdOoPi8UFtCTZEYfJWg/getUpdates "HTTP/1.1 200 OK"
2024-12-12 10:12:32,693 - httpx - INFO - HTTP Request: POST https://api.telegram.org/bot8072664742:AAG257f9Dxsz4yG2VdOoPi8UFtCTZEYfJWg/getUpdates "HTTP/1.1 200 OK"
2024-12-12 10:12:42,770 - httpx - INFO - HTTP Request: POST https://api.telegram.org/bot8072664742:AAG257f9Dxsz4yG2VdOoPi8UFtCTZEYfJWg/getUpdates "HTTP/1.1 200 OK"
2024-12-12 10:12:52,859 - httpx - INFO - HTTP Request: POST https://api.telegram.org/bot8072664742:AAG257f9Dxsz4yG2VdOoPi8UFtCTZEYfJWg/getUpdates "HTTP/1.1 200 OK"
2024-12-12 10:13:02,938 - httpx - INFO - HTTP Request: POST https://api.telegram.org/bot8072664742:AAG257f9Dxsz4yG2VdOoPi8UFtCTZEYfJWg/getUpdates "HTTP/1.1 200 OK"
2024-12-12 10:13:10,271 - telegram.ext.Application - INFO - Application is stopping. This might take a moment.
2024-12-12 10:13:10,272 - telegram.ext.Application - INFO - Application.stop() complete
